2023-11-08 08:43:18,476 [INFO] Activator:176 - 


2023-11-08 08:43:18,484 [INFO] Activator:177 - !SESSION log4j initialized
2023-11-08 08:43:30,030 [INFO] LogOutputStream:77 - [STDOUT_REDIRECT] 
2023-11-08 08:43:34,805 [INFO] ApplicationProperties:184 - Using Application install path: C:\ST\STM32CubeIDE_1.13.1\STM32CubeIDE\plugins\com.st.stm32cube.common.mx_6.9.1.202307191849
2023-11-08 08:43:34,838 [INFO] DbMcusXml:78 - Set database path to: C:\ST\STM32CubeIDE_1.13.1\STM32CubeIDE\plugins\com.st.stm32cube.common.mx_6.9.1.202307191849\\db\/mcu/
2023-11-08 08:43:34,839 [INFO] ApiDb:274 - Set plugin database path to: C:\ST\STM32CubeIDE_1.13.1\STM32CubeIDE\plugins\com.st.stm32cube.common.mx_6.9.1.202307191849\\db\/plugins/boardmanager/
2023-11-08 08:43:34,840 [WARN] ApiDb:259 - Overriding images path with different value:  => C:\ST\STM32CubeIDE_1.13.1\STM32CubeIDE\plugins\com.st.stm32cube.common.mx_6.9.1.202307191849\\db\/plugins/mcufinder/images/
2023-11-08 08:43:34,867 [INFO] ApiDb:250 - Set database path to: C:\Users\serfa\.stmcufinder\plugins\mcufinder//mcu/
2023-11-08 08:43:34,868 [INFO] DbMcusAds:125 - Set database path to: C:\Users\serfa\.stmcufinder\plugins\mcufinder//mcu/
2023-11-08 08:43:34,873 [INFO] CrossReferenceDbSqlite:203 - Set database path to: C:\Users\serfa\.stmcufinder\plugins\mcufinder//mcu/cs/
2023-11-08 08:43:35,195 [INFO] RulesReader:64 - Compatibility file has been processed (293 Rules)
2023-11-08 08:43:35,368 [INFO] DbMcusXml:78 - Set database path to: C:\ST\STM32CubeIDE_1.13.1\STM32CubeIDE\plugins\com.st.stm32cube.common.mx_6.9.1.202307191849\\db\/mcu/
2023-11-08 08:43:35,369 [INFO] ApiDb:274 - Set plugin database path to: C:\ST\STM32CubeIDE_1.13.1\STM32CubeIDE\plugins\com.st.stm32cube.common.mx_6.9.1.202307191849\\db\/plugins/boardmanager/
2023-11-08 08:43:35,369 [INFO] ApiDb:261 - Set plugin images path to: C:\ST\STM32CubeIDE_1.13.1\STM32CubeIDE\plugins\com.st.stm32cube.common.mx_6.9.1.202307191849\\db\/plugins/mcufinder/images/
2023-11-08 08:43:35,369 [WARN] DbFile:41 - Overriding database path with different value: C:\Users\serfa\.stmcufinder\plugins\mcufinder/ => C:\Users\serfa\.stmcufinder\plugins\mcufinder
2023-11-08 08:43:35,369 [INFO] ApiDb:250 - Set database path to: C:\Users\serfa\.stmcufinder\plugins\mcufinder//mcu/
2023-11-08 08:43:35,369 [WARN] DbFile:41 - Overriding database path with different value: C:\Users\serfa\.stmcufinder\plugins\mcufinder/ => C:\Users\serfa\.stmcufinder\plugins\mcufinder
2023-11-08 08:43:35,370 [INFO] DbMcusAds:125 - Set database path to: C:\Users\serfa\.stmcufinder\plugins\mcufinder//mcu/
2023-11-08 08:43:35,370 [WARN] DbFile:41 - Overriding database path with different value: C:\Users\serfa\.stmcufinder\plugins\mcufinder/ => C:\Users\serfa\.stmcufinder\plugins\mcufinder
2023-11-08 08:43:35,370 [WARN] DbFile:41 - Overriding database path with different value: C:\Users\serfa\.stmcufinder\plugins\mcufinder/ => C:\Users\serfa\.stmcufinder\plugins\mcufinder
2023-11-08 08:43:35,370 [INFO] CrossReferenceDbSqlite:203 - Set database path to: C:\Users\serfa\.stmcufinder\plugins\mcufinder//mcu/cs/
2023-11-08 08:43:35,497 [INFO] MainPanel:262 - HeapMemory: 268435456
2023-11-08 08:43:35,698 [INFO] DbMcusXml:78 - Set database path to: C:\ST\STM32CubeIDE_1.13.1\STM32CubeIDE\plugins\com.st.stm32cube.common.mx_6.9.1.202307191849\\db\/mcu/
2023-11-08 08:43:35,698 [INFO] ApiDb:274 - Set plugin database path to: C:\ST\STM32CubeIDE_1.13.1\STM32CubeIDE\plugins\com.st.stm32cube.common.mx_6.9.1.202307191849\\db\/plugins/boardmanager/
2023-11-08 08:43:35,698 [INFO] ApiDb:261 - Set plugin images path to: C:\ST\STM32CubeIDE_1.13.1\STM32CubeIDE\plugins\com.st.stm32cube.common.mx_6.9.1.202307191849\\db\/plugins/mcufinder/images/
2023-11-08 08:43:35,699 [WARN] DbFile:41 - Overriding database path with different value: C:\Users\serfa\.stmcufinder\plugins\mcufinder/ => C:\Users\serfa\.stmcufinder\plugins\mcufinder
2023-11-08 08:43:35,699 [INFO] ApiDb:250 - Set database path to: C:\Users\serfa\.stmcufinder\plugins\mcufinder//mcu/
2023-11-08 08:43:35,699 [WARN] DbFile:41 - Overriding database path with different value: C:\Users\serfa\.stmcufinder\plugins\mcufinder/ => C:\Users\serfa\.stmcufinder\plugins\mcufinder
2023-11-08 08:43:35,699 [INFO] DbMcusAds:125 - Set database path to: C:\Users\serfa\.stmcufinder\plugins\mcufinder//mcu/
2023-11-08 08:43:35,700 [WARN] DbFile:41 - Overriding database path with different value: C:\Users\serfa\.stmcufinder\plugins\mcufinder/ => C:\Users\serfa\.stmcufinder\plugins\mcufinder
2023-11-08 08:43:35,700 [WARN] DbFile:41 - Overriding database path with different value: C:\Users\serfa\.stmcufinder\plugins\mcufinder/ => C:\Users\serfa\.stmcufinder\plugins\mcufinder
2023-11-08 08:43:35,700 [INFO] CrossReferenceDbSqlite:203 - Set database path to: C:\Users\serfa\.stmcufinder\plugins\mcufinder//mcu/cs/
2023-11-08 08:43:35,731 [INFO] ApplicationProperties:184 - Using Application install path: C:\ST\STM32CubeIDE_1.13.1\STM32CubeIDE\plugins\com.st.stm32cube.common.mx_6.9.1.202307191849
2023-11-08 08:43:35,732 [INFO] PluginManage:196 - Search for loadable plugins [exclusion list=, ]
2023-11-08 08:43:35,735 [INFO] PluginManage:310 - Check plugin analytics
2023-11-08 08:43:36,100 [INFO] AnalyticsPlugin:253 - Accepted Software Licenses: STM32CubeMX.6.9.1
2023-11-08 08:43:36,102 [INFO] AnalyticsPlugin:255 - Accepted CMSIS Pack Licenses: 
2023-11-08 08:43:36,102 [INFO] AnalyticsPlugin:257 - Accepted Firmware Licenses: FW.H7.1.11.0,FW.F4.1.27.0
2023-11-08 08:43:36,111 [INFO] PluginManage:359 - Loaded plugin analytics (category:tool,tabindex:-1)
2023-11-08 08:43:36,112 [INFO] PluginManage:310 - Check plugin cadmodel
2023-11-08 08:43:36,136 [INFO] CADModel:105 - Init CAD model plugin
2023-11-08 08:43:36,136 [INFO] PluginManage:359 - Loaded plugin cadmodel (category:power,tabindex:5)
2023-11-08 08:43:36,137 [INFO] PluginManage:310 - Check plugin clock
2023-11-08 08:43:36,174 [INFO] PluginManage:359 - Loaded plugin clock (category:base,tabindex:2)
2023-11-08 08:43:36,175 [INFO] PluginManage:310 - Check plugin ddr
2023-11-08 08:43:36,178 [INFO] PluginManage:359 - Loaded plugin ddr (category:tool,tabindex:6)
2023-11-08 08:43:36,178 [INFO] PluginManage:310 - Check plugin filemanager
2023-11-08 08:43:36,416 [INFO] PluginManage:359 - Loaded plugin filemanager (category:base,tabindex:10)
2023-11-08 08:43:36,416 [INFO] PluginManage:310 - Check plugin ipmanager
2023-11-08 08:43:36,426 [INFO] PluginManage:359 - Loaded plugin ipmanager (category:base,tabindex:5)
2023-11-08 08:43:36,427 [INFO] PluginManage:310 - Check plugin lpbam
2023-11-08 08:43:36,448 [INFO] PluginManage:359 - Loaded plugin lpbam (category:base,tabindex:0)
2023-11-08 08:43:36,448 [INFO] PluginManage:310 - Check plugin memorymap
2023-11-08 08:43:36,480 [INFO] PluginManage:359 - Loaded plugin memorymap (category:base,tabindex:4)
2023-11-08 08:43:36,481 [INFO] PluginManage:310 - Check plugin pinoutandconfiguration
2023-11-08 08:43:36,497 [INFO] PluginManage:359 - Loaded plugin pinoutandconfiguration (category:base,tabindex:1)
2023-11-08 08:43:36,497 [INFO] PluginManage:310 - Check plugin pinoutconfig
2023-11-08 08:43:36,622 [WARN] SupportedApi:132 - Cannot load RTOS API schema: s4s-elt-must-match.1: The content of 'definitions' must match (annotation?, (simpleType | complexType)?, (unique | key | keyref)*)). A problem was found starting at: attribute.
2023-11-08 08:43:36,812 [INFO] PluginManage:359 - Loaded plugin pinoutconfig (category:base,tabindex:0)
2023-11-08 08:43:36,812 [INFO] PluginManage:310 - Check plugin power
2023-11-08 08:43:36,840 [INFO] PluginManage:359 - Loaded plugin power (category:power,tabindex:4)
2023-11-08 08:43:36,840 [INFO] PluginManage:310 - Check plugin projectmanager
2023-11-08 08:43:36,860 [INFO] PluginManage:359 - Loaded plugin projectmanager (category:projectmanager,tabindex:3)
2023-11-08 08:43:36,860 [INFO] PluginManage:310 - Check plugin thirdparty
2023-11-08 08:43:37,341 [INFO] PluginManage:359 - Loaded plugin thirdparty (category:base,tabindex:-1)
2023-11-08 08:43:37,341 [INFO] PluginManage:310 - Check plugin tools
2023-11-08 08:43:37,342 [WARN] IntegrityCheckThread:84 - waiting for thirdparty lock release [integrity check]
2023-11-08 08:43:37,344 [INFO] IntegrityCheckThread:86 - entering critical section [integrity check]
2023-11-08 08:43:37,345 [INFO] ThirdPartyUpdaterWithRetryManager:70 - Updater plugin not ready yet. [1/15]
2023-11-08 08:43:37,449 [INFO] PluginManage:359 - Loaded plugin tools (category:base,tabindex:7)
2023-11-08 08:43:37,450 [INFO] PluginManage:310 - Check plugin tutovideos
2023-11-08 08:43:38,089 [INFO] PluginManage:359 - Loaded plugin tutovideos (category:base,tabindex:-1)
2023-11-08 08:43:38,089 [INFO] PluginManage:310 - Check plugin updater
2023-11-08 08:43:38,120 [INFO] PluginManage:359 - Loaded plugin updater (category:base,tabindex:12)
2023-11-08 08:43:38,121 [INFO] PluginManage:310 - Check plugin userauth
2023-11-08 08:43:38,139 [INFO] UserAuth:113 - Init User Auth plugin
2023-11-08 08:43:38,140 [INFO] PluginManage:359 - Loaded plugin userauth (category:base,tabindex:14)
2023-11-08 08:43:38,141 [INFO] PluginManage:283 - PluginManage : Loaded plugins [17]
2023-11-08 08:43:38,706 [INFO] PinOutPanel:1499 - setPackage(No Configuration,No Configuration)
2023-11-08 08:43:38,939 [INFO] CADModel:165 - CPN selected for project level
2023-11-08 08:43:38,940 [INFO] CADModel:114 - Register for checkConnection events
2023-11-08 08:43:38,980 [INFO] IPUIPlugin:80 - create IPUIPlugin
2023-11-08 08:43:38,980 [INFO] PluginManager:220 - loadIPPluginJar : add adc
2023-11-08 08:43:39,031 [INFO] IPUIPlugin:80 - create IPUIPlugin
2023-11-08 08:43:39,031 [INFO] PluginManager:220 - loadIPPluginJar : add aes
2023-11-08 08:43:39,098 [INFO] IPUIPlugin:80 - create IPUIPlugin
2023-11-08 08:43:39,098 [INFO] PluginManager:220 - loadIPPluginJar : add can
2023-11-08 08:43:39,135 [INFO] IPUIPlugin:80 - create IPUIPlugin
2023-11-08 08:43:39,136 [INFO] PluginManager:220 - loadIPPluginJar : add comp
2023-11-08 08:43:39,176 [INFO] IPUIPlugin:80 - create IPUIPlugin
2023-11-08 08:43:39,177 [INFO] PluginManager:220 - loadIPPluginJar : add cryp
2023-11-08 08:43:39,220 [INFO] IPUIPlugin:80 - create IPUIPlugin
2023-11-08 08:43:39,220 [INFO] PluginManager:220 - loadIPPluginJar : add dfsdm
2023-11-08 08:43:39,249 [INFO] IPUIPlugin:80 - create IPUIPlugin
2023-11-08 08:43:39,251 [INFO] PluginManager:220 - loadIPPluginJar : add dma
2023-11-08 08:43:39,320 [INFO] IPUIPlugin:80 - create IPUIPlugin
2023-11-08 08:43:39,321 [INFO] PluginManager:220 - loadIPPluginJar : add dma3
2023-11-08 08:43:39,342 [INFO] IPUIPlugin:80 - create IPUIPlugin
2023-11-08 08:43:39,343 [INFO] PluginManager:220 - loadIPPluginJar : add fatfs
2023-11-08 08:43:39,393 [INFO] IPUIPlugin:80 - create IPUIPlugin
2023-11-08 08:43:39,393 [INFO] PluginManager:220 - loadIPPluginJar : add fmc
2023-11-08 08:43:39,408 [INFO] IPUIPlugin:80 - create IPUIPlugin
2023-11-08 08:43:39,409 [INFO] PluginManager:220 - loadIPPluginJar : add freertos
2023-11-08 08:43:39,429 [INFO] IPUIPlugin:80 - create IPUIPlugin
2023-11-08 08:43:39,429 [INFO] PluginManager:220 - loadIPPluginJar : add genericplugin
2023-11-08 08:43:39,526 [INFO] IPUIPlugin:80 - create IPUIPlugin
2023-11-08 08:43:39,526 [INFO] PluginManager:220 - loadIPPluginJar : add gfxmmu
2023-11-08 08:43:39,653 [INFO] IPUIPlugin:80 - create IPUIPlugin
2023-11-08 08:43:39,653 [INFO] PluginManager:220 - loadIPPluginJar : add gic
2023-11-08 08:43:39,679 [INFO] IPUIPlugin:80 - create IPUIPlugin
2023-11-08 08:43:39,679 [INFO] PluginManager:220 - loadIPPluginJar : add gpio
2023-11-08 08:43:39,770 [INFO] IPUIPlugin:80 - create IPUIPlugin
2023-11-08 08:43:39,770 [INFO] PluginManager:220 - loadIPPluginJar : add gtzc
2023-11-08 08:43:39,801 [INFO] IPUIPlugin:80 - create IPUIPlugin
2023-11-08 08:43:39,801 [INFO] PluginManager:220 - loadIPPluginJar : add hash
2023-11-08 08:43:39,857 [INFO] IPUIPlugin:80 - create IPUIPlugin
2023-11-08 08:43:39,857 [INFO] PluginManager:220 - loadIPPluginJar : add i2c
2023-11-08 08:43:39,896 [INFO] IPUIPlugin:80 - create IPUIPlugin
2023-11-08 08:43:39,896 [INFO] PluginManager:220 - loadIPPluginJar : add i2s
2023-11-08 08:43:39,938 [INFO] IPUIPlugin:80 - create IPUIPlugin
2023-11-08 08:43:39,938 [INFO] PluginManager:220 - loadIPPluginJar : add i3c
2023-11-08 08:43:40,049 [INFO] IPUIPlugin:80 - create IPUIPlugin
2023-11-08 08:43:40,049 [INFO] PluginManager:220 - loadIPPluginJar : add ipddr
2023-11-08 08:43:40,141 [INFO] IPUIPlugin:80 - create IPUIPlugin
2023-11-08 08:43:40,142 [INFO] PluginManager:220 - loadIPPluginJar : add linkedlist
2023-11-08 08:43:40,176 [INFO] IPUIPlugin:80 - create IPUIPlugin
2023-11-08 08:43:40,176 [INFO] PluginManager:220 - loadIPPluginJar : add lorawan
2023-11-08 08:43:40,210 [INFO] IPUIPlugin:80 - create IPUIPlugin
2023-11-08 08:43:40,211 [INFO] PluginManager:220 - loadIPPluginJar : add ltdc
2023-11-08 08:43:40,225 [INFO] IPUIPlugin:80 - create IPUIPlugin
2023-11-08 08:43:40,225 [INFO] PluginManager:220 - loadIPPluginJar : add mdma
2023-11-08 08:43:40,239 [INFO] IPUIPlugin:80 - create IPUIPlugin
2023-11-08 08:43:40,239 [INFO] PluginManager:220 - loadIPPluginJar : add nvic
2023-11-08 08:43:40,276 [INFO] IPUIPlugin:80 - create IPUIPlugin
2023-11-08 08:43:40,276 [INFO] PluginManager:220 - loadIPPluginJar : add opamp
2023-11-08 08:43:40,341 [INFO] IPUIPlugin:80 - create IPUIPlugin
2023-11-08 08:43:40,342 [INFO] PluginManager:220 - loadIPPluginJar : add openamp
2023-11-08 08:43:40,378 [INFO] ThirdPartyUpdaterWithRetryManager:70 - Updater plugin not ready yet. [2/15]
2023-11-08 08:43:40,384 [INFO] IPUIPlugin:80 - create IPUIPlugin
2023-11-08 08:43:40,384 [INFO] PluginManager:220 - loadIPPluginJar : add pdm2pcm
2023-11-08 08:43:40,400 [INFO] IPUIPlugin:80 - create IPUIPlugin
2023-11-08 08:43:40,403 [INFO] PluginManager:220 - loadIPPluginJar : add plateformsettings
2023-11-08 08:43:40,422 [INFO] IPUIPlugin:80 - create IPUIPlugin
2023-11-08 08:43:40,422 [INFO] PluginManager:220 - loadIPPluginJar : add quadspi
2023-11-08 08:43:40,436 [INFO] IPUIPlugin:80 - create IPUIPlugin
2023-11-08 08:43:40,436 [INFO] PluginManager:220 - loadIPPluginJar : add resmgrutility
2023-11-08 08:43:40,483 [INFO] IPUIPlugin:80 - create IPUIPlugin
2023-11-08 08:43:40,483 [INFO] PluginManager:220 - loadIPPluginJar : add sai
2023-11-08 08:43:40,517 [INFO] IPUIPlugin:80 - create IPUIPlugin
2023-11-08 08:43:40,518 [INFO] PluginManager:220 - loadIPPluginJar : add spi
2023-11-08 08:43:40,574 [INFO] IPUIPlugin:80 - create IPUIPlugin
2023-11-08 08:43:40,575 [INFO] PluginManager:220 - loadIPPluginJar : add stm32_wpan
2023-11-08 08:43:40,615 [INFO] IPUIPlugin:80 - create IPUIPlugin
2023-11-08 08:43:40,615 [INFO] PluginManager:220 - loadIPPluginJar : add tim
2023-11-08 08:43:40,669 [INFO] IPUIPlugin:80 - create IPUIPlugin
2023-11-08 08:43:40,669 [INFO] PluginManager:220 - loadIPPluginJar : add touchsensing
2023-11-08 08:43:40,692 [INFO] IPUIPlugin:80 - create IPUIPlugin
2023-11-08 08:43:40,692 [INFO] PluginManager:220 - loadIPPluginJar : add tracer_emb
2023-11-08 08:43:40,715 [INFO] IPUIPlugin:80 - create IPUIPlugin
2023-11-08 08:43:40,716 [INFO] PluginManager:220 - loadIPPluginJar : add ts
2023-11-08 08:43:40,736 [INFO] IPUIPlugin:80 - create IPUIPlugin
2023-11-08 08:43:40,736 [INFO] PluginManager:220 - loadIPPluginJar : add tsc
2023-11-08 08:43:40,758 [INFO] IPUIPlugin:80 - create IPUIPlugin
2023-11-08 08:43:40,758 [INFO] PluginManager:220 - loadIPPluginJar : add ucpd
2023-11-08 08:43:40,801 [INFO] IPUIPlugin:80 - create IPUIPlugin
2023-11-08 08:43:40,801 [INFO] PluginManager:220 - loadIPPluginJar : add usart
2023-11-08 08:43:40,848 [INFO] IPUIPlugin:80 - create IPUIPlugin
2023-11-08 08:43:40,848 [INFO] PluginManager:220 - loadIPPluginJar : add usbx
2023-11-08 08:43:40,980 [INFO] CADModel:165 - CPN selected for project level
2023-11-08 08:43:40,980 [INFO] CADModel:114 - Register for checkConnection events
2023-11-08 08:43:40,981 [FATAL] Updater:308 - Updater called before beeing initialized
2023-11-08 08:43:40,981 [ERROR] CADModel:125 - Updater not yet initialized, retry later 
2023-11-08 08:43:41,175 [INFO] CADModel:165 - CPN selected for project level
2023-11-08 08:43:41,176 [INFO] CADModel:114 - Register for checkConnection events
2023-11-08 08:43:41,176 [FATAL] Updater:308 - Updater called before beeing initialized
2023-11-08 08:43:41,176 [ERROR] CADModel:125 - Updater not yet initialized, retry later 
2023-11-08 08:43:41,179 [FATAL] Updater:308 - Updater called before beeing initialized
2023-11-08 08:43:41,320 [FATAL] Updater:308 - Updater called before beeing initialized
2023-11-08 08:43:41,335 [INFO] DbMcusAds:53 - JSON generation date=Tue Mar 07 02:50:55 GMT-06:00 2023 (1678179055335)
2023-11-08 08:43:41,336 [FATAL] Updater:308 - Updater called before beeing initialized
2023-11-08 08:43:41,432 [WARN] DetailPanel:346 - Failed to get advertising image, set to default
2023-11-08 08:43:41,539 [FATAL] Updater:308 - Updater called before beeing initialized
2023-11-08 08:43:41,541 [FATAL] Updater:308 - Updater called before beeing initialized
2023-11-08 08:43:41,541 [FATAL] Updater:308 - Updater called before beeing initialized
2023-11-08 08:43:41,541 [WARN] DetailPanel:346 - Failed to get advertising image, set to default
2023-11-08 08:43:41,542 [FATAL] Updater:308 - Updater called before beeing initialized
2023-11-08 08:43:41,623 [ERROR] Updater:1120 - MainUpdater not yet initialized. External WinMGr cannot be set.
2023-11-08 08:43:41,632 [INFO] Updater:1056 - Updater Version found : 6.9.1
2023-11-08 08:43:41,652 [INFO] ApplicationProperties:184 - Using Application install path: C:\ST\STM32CubeIDE_1.13.1\STM32CubeIDE\plugins\com.st.stm32cube.common.mx_6.9.1.202307191849
2023-11-08 08:43:41,913 [INFO] MainUpdater:2868 - connection check result : 10
2023-11-08 08:43:41,916 [INFO] MainUpdater:285 - Updater Check For Update Now.
2023-11-08 08:43:41,917 [INFO] MicroXplorer:498 - Change Database Version : DB.6.0.91
2023-11-08 08:43:41,947 [INFO] McuFinderGlobals:63 - Set McuFinder mode to 2 (CubeIDE integrated)
2023-11-08 08:43:42,186 [INFO] CheckServerUpdateThread:120 - End of CheckServer Thread
2023-11-08 08:43:43,675 [WARN] PackLoader:240 - Cannot read IP mode file for STMicroelectronics.X-CUBE-SMBUS.2.1.0
2023-11-08 08:43:43,770 [WARN] PackLoader:240 - Cannot read IP mode file for STMicroelectronics.X-CUBE-AZRTOS-F7.1.1.0
2023-11-08 08:43:43,799 [WARN] PackLoader:240 - Cannot read IP mode file for STMicroelectronics.FP-SNS-MOTENV1.4.3.2
2023-11-08 08:43:43,824 [WARN] PackLoader:240 - Cannot read IP mode file for STMicroelectronics.FP-SNS-FLIGHT1.5.0.2
2023-11-08 08:43:43,855 [WARN] PackLoader:240 - Cannot read IP mode file for STMicroelectronics.X-CUBE-DISPLAY.3.0.0
2023-11-08 08:43:43,896 [WARN] PackLoader:240 - Cannot read IP mode file for STMicroelectronics.X-CUBE-BLE1.7.0.0
2023-11-08 08:43:43,918 [WARN] PackLoader:240 - Cannot read IP mode file for emotas.I-CUBE-CANOPEN.1.3.0
2023-11-08 08:43:43,936 [WARN] PackLoader:240 - Cannot read IP mode file for STMicroelectronics.X-CUBE-TOUCHGFX.4.22.0
2023-11-08 08:43:43,951 [WARN] PackLoader:240 - Cannot read IP mode file for STMicroelectronics.X-CUBE-TOUCHGFX.4.22.1
2023-11-08 08:43:43,969 [WARN] PackLoader:240 - Cannot read IP mode file for STMicroelectronics.FP-SNS-SMARTAG2.1.2.0
2023-11-08 08:43:44,003 [INFO] LogOutputStream:77 - [STDOUT_REDIRECT] 1 : Invalid condition id : UX_CORESTACK_Condition cause : null
2023-11-08 08:43:44,004 [INFO] LogOutputStream:77 - [STDOUT_REDIRECT] 1 : Invalid condition id : UX_CORESTACK_Condition cause : null
2023-11-08 08:43:44,005 [INFO] LogOutputStream:77 - [STDOUT_REDIRECT] 1 : Invalid condition id : UX_CORESTACK_Condition cause : null
2023-11-08 08:43:44,007 [INFO] LogOutputStream:77 - [STDOUT_REDIRECT] 1 : Invalid condition id : UX_CORESTACK_Condition cause : null
2023-11-08 08:43:44,009 [INFO] LogOutputStream:77 - [STDOUT_REDIRECT] 1 : Invalid condition id : UX_CORESTACK_Condition cause : null
2023-11-08 08:43:44,018 [WARN] PackLoader:240 - Cannot read IP mode file for STMicroelectronics.X-CUBE-AZRTOS-WL.2.0.0
2023-11-08 08:43:44,043 [WARN] PackLoader:240 - Cannot read IP mode file for WES.I-CUBE-Cesium.1.3.0
2023-11-08 08:43:44,063 [WARN] PackLoader:240 - Cannot read IP mode file for STMicroelectronics.X-CUBE-BLE2.3.3.0
2023-11-08 08:43:44,086 [WARN] PackLoader:240 - Cannot read IP mode file for STMicroelectronics.X-CUBE-ALGOBUILD.1.3.0
2023-11-08 08:43:44,137 [WARN] PackLoader:240 - Cannot read IP mode file for STMicroelectronics.X-CUBE-AZRTOS-G0.1.1.0
2023-11-08 08:43:44,157 [WARN] PackLoader:240 - Cannot read IP mode file for STMicroelectronics.X-CUBE-NFC4.3.0.0
2023-11-08 08:43:44,179 [WARN] PackLoader:240 - Cannot read IP mode file for STMicroelectronics.X-CUBE-BLEMGR.3.0.0
2023-11-08 08:43:44,196 [WARN] PackLoader:240 - Cannot read IP mode file for STMicroelectronics.FP-ATR-SIGFOX1.3.2.0
2023-11-08 08:43:44,239 [WARN] PackLoader:240 - Cannot read IP mode file for SEGGER.I-CUBE-embOS.1.3.1
2023-11-08 08:43:44,294 [WARN] PackLoader:240 - Cannot read IP mode file for STMicroelectronics.X-CUBE-GNSS1.6.0.0
2023-11-08 08:43:44,334 [WARN] PackLoader:240 - Cannot read IP mode file for STMicroelectronics.X-CUBE-AZRTOS-F4.1.1.0
2023-11-08 08:43:44,355 [WARN] PackLoader:240 - Cannot read IP mode file for wolfSSL.I-CUBE-wolfSSL.5.6.3
2023-11-08 08:43:44,392 [WARN] PackLoader:240 - Cannot read IP mode file for STMicroelectronics.X-CUBE-AZRTOS-L5.2.0.0
2023-11-08 08:43:44,462 [WARN] PackLoader:240 - Cannot read IP mode file for STMicroelectronics.X-CUBE-MEMS1.9.6.0
2023-11-08 08:43:44,666 [WARN] PackLoader:240 - Cannot read IP mode file for STMicroelectronics.X-CUBE-EEPRMA1.4.2.0
2023-11-08 08:43:44,685 [WARN] PackLoader:240 - Cannot read IP mode file for ITTIA_DB.I-CUBE-ITTIADB.8.8.0
2023-11-08 08:43:44,704 [WARN] PackLoader:240 - Cannot read IP mode file for STMicroelectronics.X-CUBE-BLEMGR.2.0.0
2023-11-08 08:43:44,742 [WARN] ConditionMgr:438 - getConditionDescription Invalid condition id : UX DEVICE CLASS RTOS Condition cause : null
2023-11-08 08:43:44,742 [WARN] ConditionMgr:438 - getConditionDescription Invalid condition id : UX DEVICE CLASS RTOS Condition cause : null
2023-11-08 08:43:44,745 [WARN] PackLoader:240 - Cannot read IP mode file for STMicroelectronics.X-CUBE-AZRTOS-H7.3.1.0
2023-11-08 08:43:44,747 [WARN] ConditionMgr:1039 - genDependencies : Invalid condition id : UX DEVICE CLASS RTOS Condition cause : null
2023-11-08 08:43:44,747 [WARN] ConditionMgr:1039 - genDependencies : Invalid condition id : UX DEVICE CLASS RTOS Condition cause : null
2023-11-08 08:43:44,748 [WARN] ConditionMgr:1039 - genDependencies : Invalid condition id : UX DEVICE CLASS RTOS Condition cause : null
2023-11-08 08:43:44,749 [WARN] ConditionMgr:1039 - genDependencies : Invalid condition id : UX DEVICE CLASS RTOS Condition cause : null
2023-11-08 08:43:44,749 [WARN] ConditionMgr:1039 - genDependencies : Invalid condition id : UX DEVICE CLASS RTOS Condition cause : null
2023-11-08 08:43:44,765 [WARN] PackLoader:240 - Cannot read IP mode file for STMicroelectronics.X-CUBE-NFC7.1.0.1
2023-11-08 08:43:44,784 [WARN] PackLoader:240 - Cannot read IP mode file for STMicroelectronics.X-CUBE-NFC6.3.0.0
2023-11-08 08:43:44,804 [WARN] PackLoader:240 - Cannot read IP mode file for STMicroelectronics.X-CUBE-EEPRMA1.4.1.0
2023-11-08 08:43:44,821 [WARN] PackLoader:240 - Cannot read IP mode file for STMicroelectronics.X-CUBE-AI.8.1.0
2023-11-08 08:43:44,857 [WARN] ConditionMgr:438 - getConditionDescription Invalid condition id : LAN8742 Phy interface Condition cause : null
2023-11-08 08:43:44,858 [WARN] PackLoader:240 - Cannot read IP mode file for STMicroelectronics.X-CUBE-AZRTOS-L4.2.0.0
2023-11-08 08:43:44,859 [WARN] ConditionMgr:1039 - genDependencies : Invalid condition id : LAN8742 Phy interface Condition cause : null
2023-11-08 08:43:44,859 [WARN] ConditionMgr:1039 - genDependencies : Invalid condition id : LAN8742 Phy interface Condition cause : null
2023-11-08 08:43:44,860 [WARN] ConditionMgr:1039 - genDependencies : Invalid condition id : LAN8742 Phy interface Condition cause : null
2023-11-08 08:43:44,878 [WARN] PackLoader:240 - Cannot read IP mode file for STMicroelectronics.X-CUBE-SFXS2LP1.4.0.0
2023-11-08 08:43:44,891 [WARN] PackLoader:240 - Cannot read IP mode file for STMicroelectronics.X-CUBE-ISPU.1.1.0
2023-11-08 08:43:44,924 [WARN] ConditionMgr:438 - getConditionDescription Invalid condition id : UX DEVICE CLASS RTOS Condition cause : null
2023-11-08 08:43:44,925 [WARN] ConditionMgr:438 - getConditionDescription Invalid condition id : UX DEVICE CLASS RTOS Condition cause : null
2023-11-08 08:43:44,927 [WARN] PackLoader:240 - Cannot read IP mode file for STMicroelectronics.X-CUBE-AZRTOS-WB.2.0.0
2023-11-08 08:43:44,927 [WARN] ConditionMgr:1039 - genDependencies : Invalid condition id : UX DEVICE CLASS RTOS Condition cause : null
2023-11-08 08:43:44,928 [WARN] ConditionMgr:1039 - genDependencies : Invalid condition id : UX DEVICE CLASS RTOS Condition cause : null
2023-11-08 08:43:44,928 [WARN] ConditionMgr:1039 - genDependencies : Invalid condition id : UX DEVICE CLASS RTOS Condition cause : null
2023-11-08 08:43:44,928 [WARN] ConditionMgr:1039 - genDependencies : Invalid condition id : UX DEVICE CLASS RTOS Condition cause : null
2023-11-08 08:43:44,928 [WARN] ConditionMgr:1039 - genDependencies : Invalid condition id : UX DEVICE CLASS RTOS Condition cause : null
2023-11-08 08:43:44,953 [WARN] PackLoader:240 - Cannot read IP mode file for STMicroelectronics.X-CUBE-SUBG2.5.0.0
2023-11-08 08:43:44,982 [WARN] PackLoader:240 - Cannot read IP mode file for STMicroelectronics.X-CUBE-TOF1.3.3.1
2023-11-08 08:43:45,021 [WARN] PackLoader:240 - Cannot read IP mode file for STMicroelectronics.X-CUBE-AZRTOS-G4.2.0.0
2023-11-08 08:43:45,050 [WARN] PackLoader:240 - Cannot read IP mode file for Infineon.AIROC-Wi-Fi-Bluetooth-STM32.1.5.1
2023-11-08 08:43:45,114 [WARN] PackLoader:240 - Cannot read IP mode file for STMicroelectronics.X-CUBE-MEMS1.10.0.0
2023-11-08 08:43:45,256 [WARN] PackLoader:240 - Cannot read IP mode file for STMicroelectronics.X-CUBE-FREERTOS.1.1.0
2023-11-08 08:43:45,274 [WARN] PackLoader:240 - Cannot read IP mode file for portGmbH.I-Cube-SoM-uGOAL.1.1.0
2023-11-08 08:43:45,288 [WARN] PackLoader:240 - Cannot read IP mode file for STMicroelectronics.X-CUBE-ALS.1.0.1
2023-11-08 08:43:45,301 [WARN] PackLoader:240 - Cannot read IP mode file for STMicroelectronics.FP-ATR-ASTRA1.2.0.0
2023-11-08 08:43:45,303 [INFO] ThirdParty:978 - Integrity check success = true
2023-11-08 08:43:45,303 [INFO] IntegrityCheckThread:100 - exiting critical section [integrity check]
2023-11-08 08:43:45,303 [INFO] IntegrityCheckThread:103 - End integrity checks thread
2023-11-08 08:44:03,558 [ERROR] LogOutputStream:75 - [STDERR_REDIRECT] SLF4J: Failed to load class "org.slf4j.impl.StaticLoggerBinder".
2023-11-08 08:44:03,558 [ERROR] LogOutputStream:75 - [STDERR_REDIRECT] SLF4J: Defaulting to no-operation (NOP) logger implementation
2023-11-08 08:44:03,560 [ERROR] LogOutputStream:75 - [STDERR_REDIRECT] SLF4J: See http://www.slf4j.org/codes.html#StaticLoggerBinder for further details.
2023-11-08 09:29:57,607 [INFO] Activator:176 - 


2023-11-08 09:29:57,618 [INFO] Activator:177 - !SESSION log4j initialized
2023-11-08 09:30:07,204 [INFO] LogOutputStream:77 - [STDOUT_REDIRECT] 
2023-11-08 09:30:09,480 [INFO] ApplicationProperties:184 - Using Application install path: C:\ST\STM32CubeIDE_1.13.1\STM32CubeIDE\plugins\com.st.stm32cube.common.mx_6.9.1.202307191849
2023-11-08 09:30:09,508 [INFO] DbMcusXml:78 - Set database path to: C:\ST\STM32CubeIDE_1.13.1\STM32CubeIDE\plugins\com.st.stm32cube.common.mx_6.9.1.202307191849\\db\/mcu/
2023-11-08 09:30:09,508 [INFO] ApiDb:274 - Set plugin database path to: C:\ST\STM32CubeIDE_1.13.1\STM32CubeIDE\plugins\com.st.stm32cube.common.mx_6.9.1.202307191849\\db\/plugins/boardmanager/
2023-11-08 09:30:09,509 [WARN] ApiDb:259 - Overriding images path with different value:  => C:\ST\STM32CubeIDE_1.13.1\STM32CubeIDE\plugins\com.st.stm32cube.common.mx_6.9.1.202307191849\\db\/plugins/mcufinder/images/
2023-11-08 09:30:09,531 [INFO] ApiDb:250 - Set database path to: C:\Users\serfa\.stmcufinder\plugins\mcufinder//mcu/
2023-11-08 09:30:09,537 [INFO] DbMcusAds:125 - Set database path to: C:\Users\serfa\.stmcufinder\plugins\mcufinder//mcu/
2023-11-08 09:30:09,542 [INFO] CrossReferenceDbSqlite:203 - Set database path to: C:\Users\serfa\.stmcufinder\plugins\mcufinder//mcu/cs/
2023-11-08 09:30:09,734 [INFO] RulesReader:64 - Compatibility file has been processed (293 Rules)
2023-11-08 09:30:09,906 [INFO] DbMcusXml:78 - Set database path to: C:\ST\STM32CubeIDE_1.13.1\STM32CubeIDE\plugins\com.st.stm32cube.common.mx_6.9.1.202307191849\\db\/mcu/
2023-11-08 09:30:09,906 [INFO] ApiDb:274 - Set plugin database path to: C:\ST\STM32CubeIDE_1.13.1\STM32CubeIDE\plugins\com.st.stm32cube.common.mx_6.9.1.202307191849\\db\/plugins/boardmanager/
2023-11-08 09:30:09,906 [INFO] ApiDb:261 - Set plugin images path to: C:\ST\STM32CubeIDE_1.13.1\STM32CubeIDE\plugins\com.st.stm32cube.common.mx_6.9.1.202307191849\\db\/plugins/mcufinder/images/
2023-11-08 09:30:09,906 [WARN] DbFile:41 - Overriding database path with different value: C:\Users\serfa\.stmcufinder\plugins\mcufinder/ => C:\Users\serfa\.stmcufinder\plugins\mcufinder
2023-11-08 09:30:09,906 [INFO] ApiDb:250 - Set database path to: C:\Users\serfa\.stmcufinder\plugins\mcufinder//mcu/
2023-11-08 09:30:09,906 [WARN] DbFile:41 - Overriding database path with different value: C:\Users\serfa\.stmcufinder\plugins\mcufinder/ => C:\Users\serfa\.stmcufinder\plugins\mcufinder
2023-11-08 09:30:09,907 [INFO] DbMcusAds:125 - Set database path to: C:\Users\serfa\.stmcufinder\plugins\mcufinder//mcu/
2023-11-08 09:30:09,907 [WARN] DbFile:41 - Overriding database path with different value: C:\Users\serfa\.stmcufinder\plugins\mcufinder/ => C:\Users\serfa\.stmcufinder\plugins\mcufinder
2023-11-08 09:30:09,907 [WARN] DbFile:41 - Overriding database path with different value: C:\Users\serfa\.stmcufinder\plugins\mcufinder/ => C:\Users\serfa\.stmcufinder\plugins\mcufinder
2023-11-08 09:30:09,907 [INFO] CrossReferenceDbSqlite:203 - Set database path to: C:\Users\serfa\.stmcufinder\plugins\mcufinder//mcu/cs/
2023-11-08 09:30:10,042 [INFO] MainPanel:262 - HeapMemory: 268435456
2023-11-08 09:30:10,233 [INFO] DbMcusXml:78 - Set database path to: C:\ST\STM32CubeIDE_1.13.1\STM32CubeIDE\plugins\com.st.stm32cube.common.mx_6.9.1.202307191849\\db\/mcu/
2023-11-08 09:30:10,233 [INFO] ApiDb:274 - Set plugin database path to: C:\ST\STM32CubeIDE_1.13.1\STM32CubeIDE\plugins\com.st.stm32cube.common.mx_6.9.1.202307191849\\db\/plugins/boardmanager/
2023-11-08 09:30:10,233 [INFO] ApiDb:261 - Set plugin images path to: C:\ST\STM32CubeIDE_1.13.1\STM32CubeIDE\plugins\com.st.stm32cube.common.mx_6.9.1.202307191849\\db\/plugins/mcufinder/images/
2023-11-08 09:30:10,234 [WARN] DbFile:41 - Overriding database path with different value: C:\Users\serfa\.stmcufinder\plugins\mcufinder/ => C:\Users\serfa\.stmcufinder\plugins\mcufinder
2023-11-08 09:30:10,234 [INFO] ApiDb:250 - Set database path to: C:\Users\serfa\.stmcufinder\plugins\mcufinder//mcu/
2023-11-08 09:30:10,234 [WARN] DbFile:41 - Overriding database path with different value: C:\Users\serfa\.stmcufinder\plugins\mcufinder/ => C:\Users\serfa\.stmcufinder\plugins\mcufinder
2023-11-08 09:30:10,234 [INFO] DbMcusAds:125 - Set database path to: C:\Users\serfa\.stmcufinder\plugins\mcufinder//mcu/
2023-11-08 09:30:10,234 [WARN] DbFile:41 - Overriding database path with different value: C:\Users\serfa\.stmcufinder\plugins\mcufinder/ => C:\Users\serfa\.stmcufinder\plugins\mcufinder
2023-11-08 09:30:10,234 [WARN] DbFile:41 - Overriding database path with different value: C:\Users\serfa\.stmcufinder\plugins\mcufinder/ => C:\Users\serfa\.stmcufinder\plugins\mcufinder
2023-11-08 09:30:10,234 [INFO] CrossReferenceDbSqlite:203 - Set database path to: C:\Users\serfa\.stmcufinder\plugins\mcufinder//mcu/cs/
2023-11-08 09:30:10,261 [INFO] ApplicationProperties:184 - Using Application install path: C:\ST\STM32CubeIDE_1.13.1\STM32CubeIDE\plugins\com.st.stm32cube.common.mx_6.9.1.202307191849
2023-11-08 09:30:10,265 [INFO] PluginManage:196 - Search for loadable plugins [exclusion list=, ]
2023-11-08 09:30:10,267 [INFO] PluginManage:310 - Check plugin analytics
2023-11-08 09:30:10,539 [INFO] AnalyticsPlugin:253 - Accepted Software Licenses: STM32CubeMX.6.9.1
2023-11-08 09:30:10,539 [INFO] AnalyticsPlugin:255 - Accepted CMSIS Pack Licenses: 
2023-11-08 09:30:10,539 [INFO] AnalyticsPlugin:257 - Accepted Firmware Licenses: FW.H7.1.11.0,FW.F4.1.27.0
2023-11-08 09:30:10,547 [INFO] PluginManage:359 - Loaded plugin analytics (category:tool,tabindex:-1)
2023-11-08 09:30:10,549 [INFO] PluginManage:310 - Check plugin cadmodel
2023-11-08 09:30:10,560 [INFO] CADModel:105 - Init CAD model plugin
2023-11-08 09:30:10,560 [INFO] PluginManage:359 - Loaded plugin cadmodel (category:power,tabindex:5)
2023-11-08 09:30:10,561 [INFO] PluginManage:310 - Check plugin clock
2023-11-08 09:30:10,579 [INFO] PluginManage:359 - Loaded plugin clock (category:base,tabindex:2)
2023-11-08 09:30:10,580 [INFO] PluginManage:310 - Check plugin ddr
2023-11-08 09:30:10,585 [INFO] PluginManage:359 - Loaded plugin ddr (category:tool,tabindex:6)
2023-11-08 09:30:10,585 [INFO] PluginManage:310 - Check plugin filemanager
2023-11-08 09:30:10,790 [INFO] PluginManage:359 - Loaded plugin filemanager (category:base,tabindex:10)
2023-11-08 09:30:10,790 [INFO] PluginManage:310 - Check plugin ipmanager
2023-11-08 09:30:10,804 [INFO] PluginManage:359 - Loaded plugin ipmanager (category:base,tabindex:5)
2023-11-08 09:30:10,804 [INFO] PluginManage:310 - Check plugin lpbam
2023-11-08 09:30:10,819 [INFO] PluginManage:359 - Loaded plugin lpbam (category:base,tabindex:0)
2023-11-08 09:30:10,819 [INFO] PluginManage:310 - Check plugin memorymap
2023-11-08 09:30:10,839 [INFO] PluginManage:359 - Loaded plugin memorymap (category:base,tabindex:4)
2023-11-08 09:30:10,840 [INFO] PluginManage:310 - Check plugin pinoutandconfiguration
2023-11-08 09:30:10,851 [INFO] PluginManage:359 - Loaded plugin pinoutandconfiguration (category:base,tabindex:1)
2023-11-08 09:30:10,851 [INFO] PluginManage:310 - Check plugin pinoutconfig
2023-11-08 09:30:10,999 [WARN] SupportedApi:132 - Cannot load RTOS API schema: s4s-elt-must-match.1: The content of 'definitions' must match (annotation?, (simpleType | complexType)?, (unique | key | keyref)*)). A problem was found starting at: attribute.
2023-11-08 09:30:11,235 [INFO] PluginManage:359 - Loaded plugin pinoutconfig (category:base,tabindex:0)
2023-11-08 09:30:11,235 [INFO] PluginManage:310 - Check plugin power
2023-11-08 09:30:11,257 [INFO] PluginManage:359 - Loaded plugin power (category:power,tabindex:4)
2023-11-08 09:30:11,257 [INFO] PluginManage:310 - Check plugin projectmanager
2023-11-08 09:30:11,283 [INFO] PluginManage:359 - Loaded plugin projectmanager (category:projectmanager,tabindex:3)
2023-11-08 09:30:11,283 [INFO] PluginManage:310 - Check plugin thirdparty
2023-11-08 09:30:11,510 [WARN] IntegrityCheckThread:84 - waiting for thirdparty lock release [integrity check]
2023-11-08 09:30:11,511 [INFO] IntegrityCheckThread:86 - entering critical section [integrity check]
2023-11-08 09:30:11,511 [INFO] PluginManage:359 - Loaded plugin thirdparty (category:base,tabindex:-1)
2023-11-08 09:30:11,511 [INFO] PluginManage:310 - Check plugin tools
2023-11-08 09:30:11,512 [INFO] ThirdPartyUpdaterWithRetryManager:70 - Updater plugin not ready yet. [1/15]
2023-11-08 09:30:11,521 [INFO] PluginManage:359 - Loaded plugin tools (category:base,tabindex:7)
2023-11-08 09:30:11,521 [INFO] PluginManage:310 - Check plugin tutovideos
2023-11-08 09:30:11,779 [INFO] PluginManage:359 - Loaded plugin tutovideos (category:base,tabindex:-1)
2023-11-08 09:30:11,780 [INFO] PluginManage:310 - Check plugin updater
2023-11-08 09:30:11,795 [INFO] PluginManage:359 - Loaded plugin updater (category:base,tabindex:12)
2023-11-08 09:30:11,795 [INFO] PluginManage:310 - Check plugin userauth
2023-11-08 09:30:11,806 [INFO] UserAuth:113 - Init User Auth plugin
2023-11-08 09:30:11,807 [INFO] PluginManage:359 - Loaded plugin userauth (category:base,tabindex:14)
2023-11-08 09:30:11,808 [INFO] PluginManage:283 - PluginManage : Loaded plugins [17]
2023-11-08 09:30:12,102 [INFO] PinOutPanel:1499 - setPackage(No Configuration,No Configuration)
2023-11-08 09:30:12,247 [INFO] CADModel:165 - CPN selected for project level
2023-11-08 09:30:12,247 [INFO] CADModel:114 - Register for checkConnection events
2023-11-08 09:30:12,276 [INFO] IPUIPlugin:80 - create IPUIPlugin
2023-11-08 09:30:12,276 [INFO] PluginManager:220 - loadIPPluginJar : add adc
2023-11-08 09:30:12,280 [INFO] IPUIPlugin:80 - create IPUIPlugin
2023-11-08 09:30:12,280 [INFO] PluginManager:220 - loadIPPluginJar : add aes
2023-11-08 09:30:12,284 [INFO] IPUIPlugin:80 - create IPUIPlugin
2023-11-08 09:30:12,284 [INFO] PluginManager:220 - loadIPPluginJar : add can
2023-11-08 09:30:12,287 [INFO] IPUIPlugin:80 - create IPUIPlugin
2023-11-08 09:30:12,287 [INFO] PluginManager:220 - loadIPPluginJar : add comp
2023-11-08 09:30:12,290 [INFO] IPUIPlugin:80 - create IPUIPlugin
2023-11-08 09:30:12,291 [INFO] PluginManager:220 - loadIPPluginJar : add cryp
2023-11-08 09:30:12,295 [INFO] IPUIPlugin:80 - create IPUIPlugin
2023-11-08 09:30:12,295 [INFO] PluginManager:220 - loadIPPluginJar : add dfsdm
2023-11-08 09:30:12,302 [INFO] IPUIPlugin:80 - create IPUIPlugin
2023-11-08 09:30:12,303 [INFO] PluginManager:220 - loadIPPluginJar : add dma
2023-11-08 09:30:12,307 [INFO] IPUIPlugin:80 - create IPUIPlugin
2023-11-08 09:30:12,307 [INFO] PluginManager:220 - loadIPPluginJar : add dma3
2023-11-08 09:30:12,309 [INFO] IPUIPlugin:80 - create IPUIPlugin
2023-11-08 09:30:12,309 [INFO] PluginManager:220 - loadIPPluginJar : add fatfs
2023-11-08 09:30:12,321 [INFO] IPUIPlugin:80 - create IPUIPlugin
2023-11-08 09:30:12,321 [INFO] PluginManager:220 - loadIPPluginJar : add fmc
2023-11-08 09:30:12,332 [INFO] IPUIPlugin:80 - create IPUIPlugin
2023-11-08 09:30:12,332 [INFO] PluginManager:220 - loadIPPluginJar : add freertos
2023-11-08 09:30:12,334 [INFO] IPUIPlugin:80 - create IPUIPlugin
2023-11-08 09:30:12,335 [INFO] PluginManager:220 - loadIPPluginJar : add genericplugin
2023-11-08 09:30:12,338 [INFO] IPUIPlugin:80 - create IPUIPlugin
2023-11-08 09:30:12,338 [INFO] PluginManager:220 - loadIPPluginJar : add gfxmmu
2023-11-08 09:30:12,345 [INFO] IPUIPlugin:80 - create IPUIPlugin
2023-11-08 09:30:12,345 [INFO] PluginManager:220 - loadIPPluginJar : add gic
2023-11-08 09:30:12,355 [INFO] IPUIPlugin:80 - create IPUIPlugin
2023-11-08 09:30:12,355 [INFO] PluginManager:220 - loadIPPluginJar : add gpio
2023-11-08 09:30:12,359 [INFO] IPUIPlugin:80 - create IPUIPlugin
2023-11-08 09:30:12,360 [INFO] PluginManager:220 - loadIPPluginJar : add gtzc
2023-11-08 09:30:12,365 [INFO] IPUIPlugin:80 - create IPUIPlugin
2023-11-08 09:30:12,365 [INFO] PluginManager:220 - loadIPPluginJar : add hash
2023-11-08 09:30:12,372 [INFO] IPUIPlugin:80 - create IPUIPlugin
2023-11-08 09:30:12,372 [INFO] PluginManager:220 - loadIPPluginJar : add i2c
2023-11-08 09:30:12,377 [INFO] IPUIPlugin:80 - create IPUIPlugin
2023-11-08 09:30:12,377 [INFO] PluginManager:220 - loadIPPluginJar : add i2s
2023-11-08 09:30:12,381 [INFO] IPUIPlugin:80 - create IPUIPlugin
2023-11-08 09:30:12,381 [INFO] PluginManager:220 - loadIPPluginJar : add i3c
2023-11-08 09:30:12,385 [INFO] IPUIPlugin:80 - create IPUIPlugin
2023-11-08 09:30:12,385 [INFO] PluginManager:220 - loadIPPluginJar : add ipddr
2023-11-08 09:30:12,395 [INFO] IPUIPlugin:80 - create IPUIPlugin
2023-11-08 09:30:12,395 [INFO] PluginManager:220 - loadIPPluginJar : add linkedlist
2023-11-08 09:30:12,402 [INFO] IPUIPlugin:80 - create IPUIPlugin
2023-11-08 09:30:12,402 [INFO] PluginManager:220 - loadIPPluginJar : add lorawan
2023-11-08 09:30:12,405 [INFO] IPUIPlugin:80 - create IPUIPlugin
2023-11-08 09:30:12,405 [INFO] PluginManager:220 - loadIPPluginJar : add ltdc
2023-11-08 09:30:12,414 [INFO] IPUIPlugin:80 - create IPUIPlugin
2023-11-08 09:30:12,414 [INFO] PluginManager:220 - loadIPPluginJar : add mdma
2023-11-08 09:30:12,424 [INFO] IPUIPlugin:80 - create IPUIPlugin
2023-11-08 09:30:12,424 [INFO] PluginManager:220 - loadIPPluginJar : add nvic
2023-11-08 09:30:12,431 [INFO] IPUIPlugin:80 - create IPUIPlugin
2023-11-08 09:30:12,431 [INFO] PluginManager:220 - loadIPPluginJar : add opamp
2023-11-08 09:30:12,437 [INFO] IPUIPlugin:80 - create IPUIPlugin
2023-11-08 09:30:12,437 [INFO] PluginManager:220 - loadIPPluginJar : add openamp
2023-11-08 09:30:12,442 [INFO] IPUIPlugin:80 - create IPUIPlugin
2023-11-08 09:30:12,442 [INFO] PluginManager:220 - loadIPPluginJar : add pdm2pcm
2023-11-08 09:30:12,450 [INFO] IPUIPlugin:80 - create IPUIPlugin
2023-11-08 09:30:12,456 [INFO] PluginManager:220 - loadIPPluginJar : add plateformsettings
2023-11-08 09:30:12,458 [INFO] IPUIPlugin:80 - create IPUIPlugin
2023-11-08 09:30:12,458 [INFO] PluginManager:220 - loadIPPluginJar : add quadspi
2023-11-08 09:30:12,465 [INFO] IPUIPlugin:80 - create IPUIPlugin
2023-11-08 09:30:12,465 [INFO] PluginManager:220 - loadIPPluginJar : add resmgrutility
2023-11-08 09:30:12,469 [INFO] IPUIPlugin:80 - create IPUIPlugin
2023-11-08 09:30:12,469 [INFO] PluginManager:220 - loadIPPluginJar : add sai
2023-11-08 09:30:12,472 [INFO] IPUIPlugin:80 - create IPUIPlugin
2023-11-08 09:30:12,472 [INFO] PluginManager:220 - loadIPPluginJar : add spi
2023-11-08 09:30:12,477 [INFO] IPUIPlugin:80 - create IPUIPlugin
2023-11-08 09:30:12,478 [INFO] PluginManager:220 - loadIPPluginJar : add stm32_wpan
2023-11-08 09:30:12,480 [INFO] IPUIPlugin:80 - create IPUIPlugin
2023-11-08 09:30:12,480 [INFO] PluginManager:220 - loadIPPluginJar : add tim
2023-11-08 09:30:12,484 [INFO] IPUIPlugin:80 - create IPUIPlugin
2023-11-08 09:30:12,484 [INFO] PluginManager:220 - loadIPPluginJar : add touchsensing
2023-11-08 09:30:12,487 [INFO] IPUIPlugin:80 - create IPUIPlugin
2023-11-08 09:30:12,488 [INFO] PluginManager:220 - loadIPPluginJar : add tracer_emb
2023-11-08 09:30:12,490 [INFO] IPUIPlugin:80 - create IPUIPlugin
2023-11-08 09:30:12,490 [INFO] PluginManager:220 - loadIPPluginJar : add ts
2023-11-08 09:30:12,493 [INFO] IPUIPlugin:80 - create IPUIPlugin
2023-11-08 09:30:12,493 [INFO] PluginManager:220 - loadIPPluginJar : add tsc
2023-11-08 09:30:12,495 [INFO] IPUIPlugin:80 - create IPUIPlugin
2023-11-08 09:30:12,496 [INFO] PluginManager:220 - loadIPPluginJar : add ucpd
2023-11-08 09:30:12,499 [INFO] IPUIPlugin:80 - create IPUIPlugin
2023-11-08 09:30:12,499 [INFO] PluginManager:220 - loadIPPluginJar : add usart
2023-11-08 09:30:12,503 [INFO] IPUIPlugin:80 - create IPUIPlugin
2023-11-08 09:30:12,503 [INFO] PluginManager:220 - loadIPPluginJar : add usbx
2023-11-08 09:30:12,643 [INFO] CADModel:165 - CPN selected for project level
2023-11-08 09:30:12,644 [INFO] CADModel:114 - Register for checkConnection events
2023-11-08 09:30:12,644 [FATAL] Updater:308 - Updater called before beeing initialized
2023-11-08 09:30:12,645 [ERROR] CADModel:125 - Updater not yet initialized, retry later 
2023-11-08 09:30:12,872 [INFO] CADModel:165 - CPN selected for project level
2023-11-08 09:30:12,872 [INFO] CADModel:114 - Register for checkConnection events
2023-11-08 09:30:12,872 [FATAL] Updater:308 - Updater called before beeing initialized
2023-11-08 09:30:12,872 [ERROR] CADModel:125 - Updater not yet initialized, retry later 
2023-11-08 09:30:12,879 [FATAL] Updater:308 - Updater called before beeing initialized
2023-11-08 09:30:13,016 [FATAL] Updater:308 - Updater called before beeing initialized
2023-11-08 09:30:13,024 [INFO] DbMcusAds:53 - JSON generation date=Tue Mar 07 02:50:55 GMT-06:00 2023 (1678179055335)
2023-11-08 09:30:13,024 [FATAL] Updater:308 - Updater called before beeing initialized
2023-11-08 09:30:13,080 [WARN] DetailPanel:346 - Failed to get advertising image, set to default
2023-11-08 09:30:13,188 [FATAL] Updater:308 - Updater called before beeing initialized
2023-11-08 09:30:13,190 [FATAL] Updater:308 - Updater called before beeing initialized
2023-11-08 09:30:13,190 [FATAL] Updater:308 - Updater called before beeing initialized
2023-11-08 09:30:13,191 [WARN] DetailPanel:346 - Failed to get advertising image, set to default
2023-11-08 09:30:13,192 [FATAL] Updater:308 - Updater called before beeing initialized
2023-11-08 09:30:13,261 [ERROR] Updater:1120 - MainUpdater not yet initialized. External WinMGr cannot be set.
2023-11-08 09:30:13,264 [INFO] Updater:1056 - Updater Version found : 6.9.1
2023-11-08 09:30:13,291 [INFO] ApplicationProperties:184 - Using Application install path: C:\ST\STM32CubeIDE_1.13.1\STM32CubeIDE\plugins\com.st.stm32cube.common.mx_6.9.1.202307191849
2023-11-08 09:30:13,654 [INFO] MainUpdater:2868 - connection check result : 10
2023-11-08 09:30:13,654 [INFO] MainUpdater:285 - Updater Check For Update Now.
2023-11-08 09:30:13,655 [INFO] MicroXplorer:498 - Change Database Version : DB.6.0.91
2023-11-08 09:30:13,681 [INFO] McuFinderGlobals:63 - Set McuFinder mode to 2 (CubeIDE integrated)
2023-11-08 09:30:13,865 [INFO] CheckServerUpdateThread:120 - End of CheckServer Thread
2023-11-08 09:30:14,769 [WARN] PackLoader:240 - Cannot read IP mode file for STMicroelectronics.X-CUBE-SMBUS.2.1.0
2023-11-08 09:30:14,825 [WARN] PackLoader:240 - Cannot read IP mode file for STMicroelectronics.X-CUBE-AZRTOS-F7.1.1.0
2023-11-08 09:30:14,840 [WARN] PackLoader:240 - Cannot read IP mode file for STMicroelectronics.FP-SNS-MOTENV1.4.3.2
2023-11-08 09:30:14,852 [WARN] PackLoader:240 - Cannot read IP mode file for STMicroelectronics.FP-SNS-FLIGHT1.5.0.2
2023-11-08 09:30:14,865 [WARN] PackLoader:240 - Cannot read IP mode file for STMicroelectronics.X-CUBE-DISPLAY.3.0.0
2023-11-08 09:30:14,887 [WARN] PackLoader:240 - Cannot read IP mode file for STMicroelectronics.X-CUBE-BLE1.7.0.0
2023-11-08 09:30:14,899 [WARN] PackLoader:240 - Cannot read IP mode file for emotas.I-CUBE-CANOPEN.1.3.0
2023-11-08 09:30:14,910 [WARN] PackLoader:240 - Cannot read IP mode file for STMicroelectronics.X-CUBE-TOUCHGFX.4.22.0
2023-11-08 09:30:14,913 [WARN] PackLoader:240 - Cannot read IP mode file for STMicroelectronics.X-CUBE-TOUCHGFX.4.22.1
2023-11-08 09:30:14,921 [WARN] PackLoader:240 - Cannot read IP mode file for STMicroelectronics.FP-SNS-SMARTAG2.1.2.0
2023-11-08 09:30:14,942 [INFO] LogOutputStream:77 - [STDOUT_REDIRECT] 1 : Invalid condition id : UX_CORESTACK_Condition cause : null
2023-11-08 09:30:14,943 [INFO] LogOutputStream:77 - [STDOUT_REDIRECT] 1 : Invalid condition id : UX_CORESTACK_Condition cause : null
2023-11-08 09:30:14,946 [INFO] LogOutputStream:77 - [STDOUT_REDIRECT] 1 : Invalid condition id : UX_CORESTACK_Condition cause : null
2023-11-08 09:30:14,949 [INFO] LogOutputStream:77 - [STDOUT_REDIRECT] 1 : Invalid condition id : UX_CORESTACK_Condition cause : null
2023-11-08 09:30:14,952 [INFO] LogOutputStream:77 - [STDOUT_REDIRECT] 1 : Invalid condition id : UX_CORESTACK_Condition cause : null
2023-11-08 09:30:14,956 [WARN] PackLoader:240 - Cannot read IP mode file for STMicroelectronics.X-CUBE-AZRTOS-WL.2.0.0
2023-11-08 09:30:14,974 [WARN] PackLoader:240 - Cannot read IP mode file for WES.I-CUBE-Cesium.1.3.0
2023-11-08 09:30:14,982 [WARN] PackLoader:240 - Cannot read IP mode file for STMicroelectronics.X-CUBE-BLE2.3.3.0
2023-11-08 09:30:14,993 [WARN] PackLoader:240 - Cannot read IP mode file for STMicroelectronics.X-CUBE-ALGOBUILD.1.3.0
2023-11-08 09:30:15,030 [WARN] PackLoader:240 - Cannot read IP mode file for STMicroelectronics.X-CUBE-AZRTOS-G0.1.1.0
2023-11-08 09:30:15,044 [WARN] PackLoader:240 - Cannot read IP mode file for STMicroelectronics.X-CUBE-NFC4.3.0.0
2023-11-08 09:30:15,060 [WARN] PackLoader:240 - Cannot read IP mode file for STMicroelectronics.X-CUBE-BLEMGR.3.0.0
2023-11-08 09:30:15,070 [WARN] PackLoader:240 - Cannot read IP mode file for STMicroelectronics.FP-ATR-SIGFOX1.3.2.0
2023-11-08 09:30:15,128 [WARN] PackLoader:240 - Cannot read IP mode file for SEGGER.I-CUBE-embOS.1.3.1
2023-11-08 09:30:15,185 [WARN] PackLoader:240 - Cannot read IP mode file for STMicroelectronics.X-CUBE-GNSS1.6.0.0
2023-11-08 09:30:15,226 [WARN] PackLoader:240 - Cannot read IP mode file for STMicroelectronics.X-CUBE-AZRTOS-F4.1.1.0
2023-11-08 09:30:15,241 [WARN] PackLoader:240 - Cannot read IP mode file for wolfSSL.I-CUBE-wolfSSL.5.6.3
2023-11-08 09:30:15,284 [WARN] PackLoader:240 - Cannot read IP mode file for STMicroelectronics.X-CUBE-AZRTOS-L5.2.0.0
2023-11-08 09:30:15,353 [WARN] PackLoader:240 - Cannot read IP mode file for STMicroelectronics.X-CUBE-MEMS1.9.6.0
2023-11-08 09:30:15,532 [WARN] PackLoader:240 - Cannot read IP mode file for STMicroelectronics.X-CUBE-EEPRMA1.4.2.0
2023-11-08 09:30:15,545 [WARN] PackLoader:240 - Cannot read IP mode file for ITTIA_DB.I-CUBE-ITTIADB.8.8.0
2023-11-08 09:30:15,566 [WARN] PackLoader:240 - Cannot read IP mode file for STMicroelectronics.X-CUBE-BLEMGR.2.0.0
2023-11-08 09:30:15,613 [WARN] ConditionMgr:438 - getConditionDescription Invalid condition id : UX DEVICE CLASS RTOS Condition cause : null
2023-11-08 09:30:15,613 [WARN] ConditionMgr:438 - getConditionDescription Invalid condition id : UX DEVICE CLASS RTOS Condition cause : null
2023-11-08 09:30:15,616 [WARN] PackLoader:240 - Cannot read IP mode file for STMicroelectronics.X-CUBE-AZRTOS-H7.3.1.0
2023-11-08 09:30:15,617 [WARN] ConditionMgr:1039 - genDependencies : Invalid condition id : UX DEVICE CLASS RTOS Condition cause : null
2023-11-08 09:30:15,617 [WARN] ConditionMgr:1039 - genDependencies : Invalid condition id : UX DEVICE CLASS RTOS Condition cause : null
2023-11-08 09:30:15,618 [WARN] ConditionMgr:1039 - genDependencies : Invalid condition id : UX DEVICE CLASS RTOS Condition cause : null
2023-11-08 09:30:15,618 [WARN] ConditionMgr:1039 - genDependencies : Invalid condition id : UX DEVICE CLASS RTOS Condition cause : null
2023-11-08 09:30:15,618 [WARN] ConditionMgr:1039 - genDependencies : Invalid condition id : UX DEVICE CLASS RTOS Condition cause : null
2023-11-08 09:30:15,638 [WARN] PackLoader:240 - Cannot read IP mode file for STMicroelectronics.X-CUBE-NFC7.1.0.1
2023-11-08 09:30:15,662 [WARN] PackLoader:240 - Cannot read IP mode file for STMicroelectronics.X-CUBE-NFC6.3.0.0
2023-11-08 09:30:15,678 [WARN] PackLoader:240 - Cannot read IP mode file for STMicroelectronics.X-CUBE-EEPRMA1.4.1.0
2023-11-08 09:30:15,691 [WARN] PackLoader:240 - Cannot read IP mode file for STMicroelectronics.X-CUBE-AI.8.1.0
2023-11-08 09:30:15,731 [WARN] ConditionMgr:438 - getConditionDescription Invalid condition id : LAN8742 Phy interface Condition cause : null
2023-11-08 09:30:15,732 [WARN] PackLoader:240 - Cannot read IP mode file for STMicroelectronics.X-CUBE-AZRTOS-L4.2.0.0
2023-11-08 09:30:15,734 [WARN] ConditionMgr:1039 - genDependencies : Invalid condition id : LAN8742 Phy interface Condition cause : null
2023-11-08 09:30:15,734 [WARN] ConditionMgr:1039 - genDependencies : Invalid condition id : LAN8742 Phy interface Condition cause : null
2023-11-08 09:30:15,735 [WARN] ConditionMgr:1039 - genDependencies : Invalid condition id : LAN8742 Phy interface Condition cause : null
2023-11-08 09:30:15,753 [WARN] PackLoader:240 - Cannot read IP mode file for STMicroelectronics.X-CUBE-SFXS2LP1.4.0.0
2023-11-08 09:30:15,772 [WARN] PackLoader:240 - Cannot read IP mode file for STMicroelectronics.X-CUBE-ISPU.1.1.0
2023-11-08 09:30:15,809 [WARN] ConditionMgr:438 - getConditionDescription Invalid condition id : UX DEVICE CLASS RTOS Condition cause : null
2023-11-08 09:30:15,809 [WARN] ConditionMgr:438 - getConditionDescription Invalid condition id : UX DEVICE CLASS RTOS Condition cause : null
2023-11-08 09:30:15,812 [WARN] PackLoader:240 - Cannot read IP mode file for STMicroelectronics.X-CUBE-AZRTOS-WB.2.0.0
2023-11-08 09:30:15,813 [WARN] ConditionMgr:1039 - genDependencies : Invalid condition id : UX DEVICE CLASS RTOS Condition cause : null
2023-11-08 09:30:15,814 [WARN] ConditionMgr:1039 - genDependencies : Invalid condition id : UX DEVICE CLASS RTOS Condition cause : null
2023-11-08 09:30:15,814 [WARN] ConditionMgr:1039 - genDependencies : Invalid condition id : UX DEVICE CLASS RTOS Condition cause : null
2023-11-08 09:30:15,815 [WARN] ConditionMgr:1039 - genDependencies : Invalid condition id : UX DEVICE CLASS RTOS Condition cause : null
2023-11-08 09:30:15,815 [WARN] ConditionMgr:1039 - genDependencies : Invalid condition id : UX DEVICE CLASS RTOS Condition cause : null
2023-11-08 09:30:15,839 [WARN] PackLoader:240 - Cannot read IP mode file for STMicroelectronics.X-CUBE-SUBG2.5.0.0
2023-11-08 09:30:15,860 [WARN] PackLoader:240 - Cannot read IP mode file for STMicroelectronics.X-CUBE-TOF1.3.3.1
2023-11-08 09:30:15,910 [WARN] PackLoader:240 - Cannot read IP mode file for STMicroelectronics.X-CUBE-AZRTOS-G4.2.0.0
2023-11-08 09:30:15,938 [WARN] PackLoader:240 - Cannot read IP mode file for Infineon.AIROC-Wi-Fi-Bluetooth-STM32.1.5.1
2023-11-08 09:30:16,008 [WARN] PackLoader:240 - Cannot read IP mode file for STMicroelectronics.X-CUBE-MEMS1.10.0.0
2023-11-08 09:30:16,136 [WARN] PackLoader:240 - Cannot read IP mode file for STMicroelectronics.X-CUBE-FREERTOS.1.1.0
2023-11-08 09:30:16,159 [WARN] PackLoader:240 - Cannot read IP mode file for portGmbH.I-Cube-SoM-uGOAL.1.1.0
2023-11-08 09:30:16,188 [WARN] PackLoader:240 - Cannot read IP mode file for STMicroelectronics.X-CUBE-ALS.1.0.1
2023-11-08 09:30:16,193 [WARN] PackLoader:240 - Cannot read IP mode file for STMicroelectronics.FP-ATR-ASTRA1.2.0.0
2023-11-08 09:30:16,194 [INFO] ThirdParty:978 - Integrity check success = true
2023-11-08 09:30:16,194 [INFO] IntegrityCheckThread:100 - exiting critical section [integrity check]
2023-11-08 09:30:16,194 [INFO] IntegrityCheckThread:103 - End integrity checks thread
2023-11-08 09:30:35,429 [ERROR] LogOutputStream:75 - [STDERR_REDIRECT] SLF4J: Failed to load class "org.slf4j.impl.StaticLoggerBinder".
2023-11-08 09:30:35,430 [ERROR] LogOutputStream:75 - [STDERR_REDIRECT] SLF4J: Defaulting to no-operation (NOP) logger implementation
2023-11-08 09:30:35,433 [ERROR] LogOutputStream:75 - [STDERR_REDIRECT] SLF4J: See http://www.slf4j.org/codes.html#StaticLoggerBinder for further details.
2023-11-08 10:42:31,786 [INFO] McuFinderGlobals:63 - Set McuFinder mode to 2 (CubeIDE integrated)
2023-11-08 10:42:31,875 [INFO] MainUpdater:2868 - connection check result : 10
2023-11-08 10:42:31,882 [INFO] MainUpdater:2868 - connection check result : 10
2023-11-08 10:42:32,518 [INFO] MicroXplorer:468 - Change Database Path : 
2023-11-08 10:42:32,518 [INFO] MicroXplorer:498 - Change Database Version : DB.6.0.91
2023-11-08 10:42:32,526 [WARN] ThirdParty:871 - waiting for thirdparty lock release [close project]
2023-11-08 10:42:32,526 [INFO] ThirdParty:873 - entering critical section [close project]
2023-11-08 10:42:32,530 [INFO] ThirdParty:883 - exiting critical section [close project]
2023-11-08 10:42:32,537 [INFO] PinOutPanel:1499 - setPackage(No Configuration,No Configuration)
2023-11-08 10:42:32,560 [INFO] UtilMem:75 - Begin LoadConfig() Used Memory: 479141536 Bytes (937426944)
2023-11-08 10:42:32,585 [INFO] MicroXplorer:468 - Change Database Path : C:/Users/serfa/.stm32cubemx/databases/DB.6.0.81/db/
2023-11-08 10:42:32,585 [INFO] MicroXplorer:498 - Change Database Version : DB.6.0.81
2023-11-08 10:42:35,462 [INFO] OpenFileManager:308 - Change cursor
2023-11-08 10:42:35,543 [INFO] Mcu:1946 - Initializing MCU STM32H745ZITx STM32H745ZITx STM32H745ZIT3
2023-11-08 10:42:42,920 [INFO] Context:659 - Trying to add GPIOservice into a context  which must be forbidden
2023-11-08 10:42:42,920 [INFO] Context:659 - Trying to add GPIOservice into a context  which must be forbidden
2023-11-08 10:42:46,188 [INFO] Context:659 - Trying to add GPIOservice into a context  which must be forbidden
2023-11-08 10:42:46,189 [INFO] Context:659 - Trying to add GPIOservice into a context  which must be forbidden
2023-11-08 10:42:46,625 [INFO] RtosManager:555 - Registered RTOS mode: class=CMSIS, group=RTOS, mode=CMSIS_V1, owner=FREERTOS_M7
2023-11-08 10:42:46,626 [INFO] RtosManager:555 - Registered RTOS mode: class=CMSIS, group=RTOS2, mode=CMSIS_V2, owner=FREERTOS_M7
2023-11-08 10:42:46,626 [INFO] RtosManager:555 - Registered RTOS mode: class=RTOS, group=Core, mode=CMSIS_V1, owner=FREERTOS_M7
2023-11-08 10:42:46,626 [INFO] RtosManager:555 - Registered RTOS mode: class=RTOS, group=Core, mode=CMSIS_V2, owner=FREERTOS_M7
2023-11-08 10:42:46,627 [WARN] ModelIntegratedComponent:184 - Missing modes for component STMicroelectronics:FreeRTOS:0.0.1:STMicroelectronics:RTOS:FreeRTOS:Core:::10.2.0:
2023-11-08 10:42:46,649 [WARN] ModelIntegratedComponent:63 - No mode defined for component null
2023-11-08 10:42:46,649 [WARN] ModelIntegratedComponent:63 - No mode defined for component null
2023-11-08 10:42:46,650 [WARN] ModelIntegratedComponent:63 - No mode defined for component null
2023-11-08 10:42:46,650 [WARN] ModelIntegratedComponent:63 - No mode defined for component null
2023-11-08 10:42:46,650 [WARN] ModelIntegratedComponent:63 - No mode defined for component null
2023-11-08 10:42:46,650 [WARN] ModelIntegratedComponent:63 - No mode defined for component null
2023-11-08 10:42:46,650 [WARN] ModelIntegratedComponent:63 - No mode defined for component null
2023-11-08 10:42:46,650 [WARN] ModelIntegratedComponent:63 - No mode defined for component null
2023-11-08 10:42:46,650 [WARN] ModelIntegratedComponent:63 - No mode defined for component null
2023-11-08 10:42:46,650 [WARN] ModelIntegratedComponent:63 - No mode defined for component null
2023-11-08 10:42:46,650 [WARN] ModelIntegratedComponent:63 - No mode defined for component null
2023-11-08 10:42:46,650 [WARN] ModelIntegratedComponent:63 - No mode defined for component null
2023-11-08 10:42:46,650 [WARN] ModelIntegratedComponent:63 - No mode defined for component null
2023-11-08 10:42:46,651 [WARN] ModelIntegratedComponent:63 - No mode defined for component null
2023-11-08 10:42:46,651 [WARN] ModelIntegratedComponent:63 - No mode defined for component null
2023-11-08 10:42:46,651 [WARN] ModelIntegratedComponent:63 - No mode defined for component null
2023-11-08 10:42:46,651 [WARN] ModelIntegratedComponent:63 - No mode defined for component null
2023-11-08 10:42:46,651 [WARN] ModelIntegratedComponent:63 - No mode defined for component null
2023-11-08 10:42:46,651 [WARN] ModelIntegratedComponent:63 - No mode defined for component null
2023-11-08 10:42:46,651 [WARN] ModelIntegratedComponent:63 - No mode defined for component null
2023-11-08 10:42:46,651 [WARN] ModelIntegratedComponent:63 - No mode defined for component null
2023-11-08 10:42:46,651 [WARN] ModelIntegratedComponent:63 - No mode defined for component null
2023-11-08 10:42:46,651 [WARN] ModelIntegratedComponent:63 - No mode defined for component null
2023-11-08 10:42:46,651 [WARN] ModelIntegratedComponent:63 - No mode defined for component null
2023-11-08 10:42:46,651 [WARN] ModelIntegratedComponent:63 - No mode defined for component null
2023-11-08 10:42:46,651 [WARN] ModelIntegratedComponent:63 - No mode defined for component null
2023-11-08 10:42:46,652 [WARN] ModelIntegratedComponent:63 - No mode defined for component null
2023-11-08 10:42:46,652 [WARN] ModelIntegratedComponent:63 - No mode defined for component null
2023-11-08 10:42:46,652 [WARN] ModelIntegratedComponent:63 - No mode defined for component null
2023-11-08 10:42:46,652 [WARN] ModelIntegratedComponent:63 - No mode defined for component null
2023-11-08 10:42:46,652 [WARN] ModelIntegratedComponent:63 - No mode defined for component null
2023-11-08 10:42:46,652 [WARN] ModelIntegratedComponent:63 - No mode defined for component null
2023-11-08 10:42:46,652 [WARN] ModelIntegratedComponent:63 - No mode defined for component null
2023-11-08 10:42:46,900 [INFO] RtosManager:555 - Registered RTOS mode: class=CMSIS, group=RTOS, mode=CMSIS_V1, owner=FREERTOS_M4
2023-11-08 10:42:46,901 [INFO] RtosManager:555 - Registered RTOS mode: class=CMSIS, group=RTOS2, mode=CMSIS_V2, owner=FREERTOS_M4
2023-11-08 10:42:46,901 [INFO] RtosManager:555 - Registered RTOS mode: class=RTOS, group=Core, mode=CMSIS_V1, owner=FREERTOS_M4
2023-11-08 10:42:46,901 [INFO] RtosManager:555 - Registered RTOS mode: class=RTOS, group=Core, mode=CMSIS_V2, owner=FREERTOS_M4
2023-11-08 10:42:46,901 [WARN] ModelIntegratedComponent:184 - Missing modes for component STMicroelectronics:FreeRTOS:0.0.1:STMicroelectronics:RTOS:FreeRTOS:Core:::10.2.0:
2023-11-08 10:42:46,912 [WARN] ModelIntegratedComponent:63 - No mode defined for component null
2023-11-08 10:42:46,912 [WARN] ModelIntegratedComponent:63 - No mode defined for component null
2023-11-08 10:42:46,912 [WARN] ModelIntegratedComponent:63 - No mode defined for component null
2023-11-08 10:42:46,912 [WARN] ModelIntegratedComponent:63 - No mode defined for component null
2023-11-08 10:42:46,913 [WARN] ModelIntegratedComponent:63 - No mode defined for component null
2023-11-08 10:42:46,913 [WARN] ModelIntegratedComponent:63 - No mode defined for component null
2023-11-08 10:42:46,913 [WARN] ModelIntegratedComponent:63 - No mode defined for component null
2023-11-08 10:42:46,913 [WARN] ModelIntegratedComponent:63 - No mode defined for component null
2023-11-08 10:42:46,913 [WARN] ModelIntegratedComponent:63 - No mode defined for component null
2023-11-08 10:42:46,913 [WARN] ModelIntegratedComponent:63 - No mode defined for component null
2023-11-08 10:42:46,913 [WARN] ModelIntegratedComponent:63 - No mode defined for component null
2023-11-08 10:42:46,913 [WARN] ModelIntegratedComponent:63 - No mode defined for component null
2023-11-08 10:42:46,913 [WARN] ModelIntegratedComponent:63 - No mode defined for component null
2023-11-08 10:42:46,913 [WARN] ModelIntegratedComponent:63 - No mode defined for component null
2023-11-08 10:42:46,914 [WARN] ModelIntegratedComponent:63 - No mode defined for component null
2023-11-08 10:42:46,914 [WARN] ModelIntegratedComponent:63 - No mode defined for component null
2023-11-08 10:42:46,914 [WARN] ModelIntegratedComponent:63 - No mode defined for component null
2023-11-08 10:42:46,914 [WARN] ModelIntegratedComponent:63 - No mode defined for component null
2023-11-08 10:42:46,914 [WARN] ModelIntegratedComponent:63 - No mode defined for component null
2023-11-08 10:42:46,914 [WARN] ModelIntegratedComponent:63 - No mode defined for component null
2023-11-08 10:42:46,914 [WARN] ModelIntegratedComponent:63 - No mode defined for component null
2023-11-08 10:42:46,914 [WARN] ModelIntegratedComponent:63 - No mode defined for component null
2023-11-08 10:42:46,914 [WARN] ModelIntegratedComponent:63 - No mode defined for component null
2023-11-08 10:42:46,915 [WARN] ModelIntegratedComponent:63 - No mode defined for component null
2023-11-08 10:42:46,915 [WARN] ModelIntegratedComponent:63 - No mode defined for component null
2023-11-08 10:42:46,915 [WARN] ModelIntegratedComponent:63 - No mode defined for component null
2023-11-08 10:42:46,915 [WARN] ModelIntegratedComponent:63 - No mode defined for component null
2023-11-08 10:42:46,915 [WARN] ModelIntegratedComponent:63 - No mode defined for component null
2023-11-08 10:42:46,915 [WARN] ModelIntegratedComponent:63 - No mode defined for component null
2023-11-08 10:42:46,915 [WARN] ModelIntegratedComponent:63 - No mode defined for component null
2023-11-08 10:42:46,915 [WARN] ModelIntegratedComponent:63 - No mode defined for component null
2023-11-08 10:42:46,915 [WARN] ModelIntegratedComponent:63 - No mode defined for component null
2023-11-08 10:42:46,915 [WARN] ModelIntegratedComponent:63 - No mode defined for component null
2023-11-08 10:42:47,056 [INFO] ThirdPartyModel:298 - Start build external matchings
2023-11-08 10:42:47,790 [INFO] ThirdPartyModel:316 - End build external matchings
2023-11-08 10:42:47,805 [INFO] ThirdPartyModel:298 - Start build external matchings
2023-11-08 10:42:48,587 [INFO] ThirdPartyModel:316 - End build external matchings
2023-11-08 10:42:48,607 [INFO] RtosManager:919 - Current active RTOS is FREERTOS_M7 [CortexM7]
2023-11-08 10:42:48,621 [INFO] ImportTextPane:194 - (OptionalMessage_ERROR) IP (DMA) : Parameter (Instance) has Id (USART3_RX) currently not set
2023-11-08 10:42:48,621 [INFO] ImportTextPane:194 - (OptionalMessage_ERROR) IP (DMA) : Parameter (Request) has Id (USART3_RX) currently not set
2023-11-08 10:42:48,621 [INFO] ImportTextPane:194 - (OptionalMessage_ERROR) IP (DMA) : Parameter (Direction) has Id (USART3_RX) currently not set
2023-11-08 10:42:48,621 [INFO] ImportTextPane:194 - (OptionalMessage_ERROR) IP (DMA) : Parameter (PeriphInc) has Id (USART3_RX) currently not set
2023-11-08 10:42:48,622 [INFO] ImportTextPane:194 - (OptionalMessage_ERROR) IP (DMA) : Parameter (MemInc) has Id (USART3_RX) currently not set
2023-11-08 10:42:48,622 [INFO] ImportTextPane:194 - (OptionalMessage_ERROR) IP (DMA) : Parameter (PeriphDataAlignment) has Id (USART3_RX) currently not set
2023-11-08 10:42:48,622 [INFO] ImportTextPane:194 - (OptionalMessage_ERROR) IP (DMA) : Parameter (MemDataAlignment) has Id (USART3_RX) currently not set
2023-11-08 10:42:48,622 [INFO] ImportTextPane:194 - (OptionalMessage_ERROR) IP (DMA) : Parameter (Mode) has Id (USART3_RX) currently not set
2023-11-08 10:42:48,622 [INFO] ImportTextPane:194 - (OptionalMessage_ERROR) IP (DMA) : Parameter (Priority) has Id (USART3_RX) currently not set
2023-11-08 10:42:48,622 [INFO] ImportTextPane:194 - (OptionalMessage_ERROR) IP (DMA) : Parameter (FIFOMode) has Id (USART3_RX) currently not set
2023-11-08 10:42:48,622 [INFO] ImportTextPane:194 - (OptionalMessage_ERROR) IP (DMA) : Parameter (SignalID) has Id (USART3_RX) currently not set
2023-11-08 10:42:48,623 [INFO] ImportTextPane:194 - (OptionalMessage_ERROR) IP (DMA) : Parameter (Polarity) has Id (USART3_RX) currently not set
2023-11-08 10:42:48,623 [INFO] ImportTextPane:194 - (OptionalMessage_ERROR) IP (DMA) : Parameter (RequestNumber) has Id (USART3_RX) currently not set
2023-11-08 10:42:48,623 [INFO] ImportTextPane:194 - (OptionalMessage_ERROR) IP (DMA) : Parameter (SyncSignalID) has Id (USART3_RX) currently not set
2023-11-08 10:42:48,623 [INFO] ImportTextPane:194 - (OptionalMessage_ERROR) IP (DMA) : Parameter (SyncPolarity) has Id (USART3_RX) currently not set
2023-11-08 10:42:48,623 [INFO] ImportTextPane:194 - (OptionalMessage_ERROR) IP (DMA) : Parameter (SyncEnable) has Id (USART3_RX) currently not set
2023-11-08 10:42:48,623 [INFO] ImportTextPane:194 - (OptionalMessage_ERROR) IP (DMA) : Parameter (EventEnable) has Id (USART3_RX) currently not set
2023-11-08 10:42:48,623 [INFO] ImportTextPane:194 - (OptionalMessage_ERROR) IP (DMA) : Parameter (SyncRequestNumber) has Id (USART3_RX) currently not set
2023-11-08 10:42:48,623 [INFO] ImportTextPane:194 - (OptionalMessage_ERROR) IP (DMA) : Parameter (Instance) has Id (USART3_TX) currently not set
2023-11-08 10:42:48,623 [INFO] ImportTextPane:194 - (OptionalMessage_ERROR) IP (DMA) : Parameter (Request) has Id (USART3_TX) currently not set
2023-11-08 10:42:48,623 [INFO] ImportTextPane:194 - (OptionalMessage_ERROR) IP (DMA) : Parameter (Direction) has Id (USART3_TX) currently not set
2023-11-08 10:42:48,623 [INFO] ImportTextPane:194 - (OptionalMessage_ERROR) IP (DMA) : Parameter (PeriphInc) has Id (USART3_TX) currently not set
2023-11-08 10:42:48,624 [INFO] ImportTextPane:194 - (OptionalMessage_ERROR) IP (DMA) : Parameter (MemInc) has Id (USART3_TX) currently not set
2023-11-08 10:42:48,624 [INFO] ImportTextPane:194 - (OptionalMessage_ERROR) IP (DMA) : Parameter (PeriphDataAlignment) has Id (USART3_TX) currently not set
2023-11-08 10:42:48,624 [INFO] ImportTextPane:194 - (OptionalMessage_ERROR) IP (DMA) : Parameter (MemDataAlignment) has Id (USART3_TX) currently not set
2023-11-08 10:42:48,624 [INFO] ImportTextPane:194 - (OptionalMessage_ERROR) IP (DMA) : Parameter (Mode) has Id (USART3_TX) currently not set
2023-11-08 10:42:48,624 [INFO] ImportTextPane:194 - (OptionalMessage_ERROR) IP (DMA) : Parameter (Priority) has Id (USART3_TX) currently not set
2023-11-08 10:42:48,624 [INFO] ImportTextPane:194 - (OptionalMessage_ERROR) IP (DMA) : Parameter (FIFOMode) has Id (USART3_TX) currently not set
2023-11-08 10:42:48,624 [INFO] ImportTextPane:194 - (OptionalMessage_ERROR) IP (DMA) : Parameter (SignalID) has Id (USART3_TX) currently not set
2023-11-08 10:42:48,624 [INFO] ImportTextPane:194 - (OptionalMessage_ERROR) IP (DMA) : Parameter (Polarity) has Id (USART3_TX) currently not set
2023-11-08 10:42:48,624 [INFO] ImportTextPane:194 - (OptionalMessage_ERROR) IP (DMA) : Parameter (RequestNumber) has Id (USART3_TX) currently not set
2023-11-08 10:42:48,624 [INFO] ImportTextPane:194 - (OptionalMessage_ERROR) IP (DMA) : Parameter (SyncSignalID) has Id (USART3_TX) currently not set
2023-11-08 10:42:48,624 [INFO] ImportTextPane:194 - (OptionalMessage_ERROR) IP (DMA) : Parameter (SyncPolarity) has Id (USART3_TX) currently not set
2023-11-08 10:42:48,625 [INFO] ImportTextPane:194 - (OptionalMessage_ERROR) IP (DMA) : Parameter (SyncEnable) has Id (USART3_TX) currently not set
2023-11-08 10:42:48,625 [INFO] ImportTextPane:194 - (OptionalMessage_ERROR) IP (DMA) : Parameter (EventEnable) has Id (USART3_TX) currently not set
2023-11-08 10:42:48,625 [INFO] ImportTextPane:194 - (OptionalMessage_ERROR) IP (DMA) : Parameter (SyncRequestNumber) has Id (USART3_TX) currently not set
2023-11-08 10:42:48,647 [INFO] ImportTextPane:194 - (OptionalMessage_ERROR) IP (RCC) : Parameter (FDCANFreq_Value) has invalid value (75000000)
2023-11-08 10:42:48,648 [INFO] ImportTextPane:194 - (OptionalMessage_ERROR) IP (RCC) : Invalid parameter (FamilyName)
2023-11-08 10:42:48,648 [INFO] ImportTextPane:194 - (OptionalMessage_ERROR) IP (RCC) : Parameter (LTDCFreq_Value) has invalid value (75000000)
2023-11-08 10:42:49,505 [INFO] UtilMem:75 - End LoadConfig() Used Memory: 528029584 Bytes (1073741824)
2023-11-08 10:42:49,770 [INFO] ApiDb:581 - Connected to CubeFinder SQLite database (C:\Users\serfa\.stmcufinder\plugins\mcufinder\mcu\cube-finder-db.db)
2023-11-08 10:42:49,917 [INFO] ApiDb:668 - CubeFinder database Data Model version=2.1
2023-11-08 10:42:49,917 [INFO] ApiDb:669 - CubeFinder database Configuration version=3.0.37
2023-11-08 10:42:49,918 [INFO] ApiDb:670 - CubeFinder database generation date=2023-10-13 (1697197505)
2023-11-08 10:42:49,919 [INFO] ApiDb:671 - CubeFinder database FW Pack versions=[FP-ATR-ASTRA1_V2.0.0, FP-SNS-FLIGHT1_V5.0.1, FP-SNS-FLIGHT1_V5.0.2, FP-SNS-MOTENV1_V4.3.1, FP-SNS-MOTENV1_V4.3.2, FP-SNS-SMARTAG2_V1.2.0, I-CUBE-ITTIADB_V8.6.3-1, STM32Cube_FW_C0_V1.1.0, STM32Cube_FW_F4_V1.27.1, STM32Cube_FW_F7_V1.17.0, STM32Cube_FW_G0_V1.6.1, STM32Cube_FW_G4_V1.5.1, STM32Cube_FW_H5_V0.5.1, STM32Cube_FW_H5_V1.1.1, STM32Cube_FW_H7_V1.11.0, STM32Cube_FW_L0_V1.12.2, STM32Cube_FW_L5_V1.5.0, STM32Cube_FW_U5_V1.3.0, STM32Cube_FW_U5_V1.3.0RC4, STM32Cube_FW_WBA_V1.0.0RC1, STM32Cube_FW_WBA_V1.1.0RC1, STM32Cube_FW_WBA_V1.1.1, STM32Cube_FW_WB_V1.15.0RC1, STM32Cube_FW_WB_V1.16.0, STM32Cube_FW_WB_V1.16.0RC2, STM32Cube_FW_WB_V1.17.3, STM32Cube_FW_WL_V1.3.0, X-CUBE-ALGOBUILD_V1.3.0, X-CUBE-ALS_V1.0.1, X-CUBE-AZRTOS-F4_V1.1.0, X-CUBE-AZRTOS-F7_V1.1.0, X-CUBE-AZRTOS-G0_V1.1.0, X-CUBE-AZRTOS-G4_V2.0.0, X-CUBE-AZRTOS-H7_V3.1.0, X-CUBE-AZRTOS-L4_V1.0.0, X-CUBE-AZRTOS-L4_V2.0.0, X-CUBE-AZRTOS-L5_V1.1.0, X-CUBE-AZRTOS-WB_V2.0.0, X-CUBE-AZRTOS-WL_V2.0.0, X-CUBE-BLE1_V7.0.0, X-CUBE-BLE2_V3.3.0, X-CUBE-BLEMGR_V2.0.0, X-CUBE-EEPRMA1_V4.1.0, X-CUBE-FREERTOS_V1.1.0, X-CUBE-GNSS1_V6.0.0, X-CUBE-MEMS1_V10.0.0, X-CUBE-MEMS1_V9.1.0, X-CUBE-MEMS1_V9.4.0, X-CUBE-MEMS1_V9.6.0, X-CUBE-NFC4_V3.0.0, X-CUBE-NFC7_V1.0.1, X-CUBE-SFXS2LP1_V4.0.0, X-CUBE-SUBG2_V5.0.0, X-CUBE-TOF1_V3.3.1]
2023-11-08 10:42:57,580 [INFO] ApiDb:240 - Found 323 in-development CPN: [B-G473E-ZEST1S, B-WB1M-WPAN1, B-WL5M-SUBG1, NUCLEO-C031C6, NUCLEO-H503RB, NUCLEO-H563ZI, NUCLEO-U545RE-Q, NUCLEO-U5A5ZJ-Q, NUCLEO-WBA52CG, STEVAL-PROTEUS1, STEVAL-SMARTAG2, STEVAL-STWINBX1, STM320518-EVAL, STM32C0116-DK, STM32C011D6Y3TR, STM32C011D6Y6TR, STM32C011F4P3, STM32C011F4P6, STM32C011F4U3, STM32C011F4U6TR, STM32C011F6P3, STM32C011F6P6, STM32C011F6U3, STM32C011F6U6TR, STM32C011J4M3, STM32C011J4M6, STM32C011J6M3, STM32C011J6M6, STM32C0316-DK, STM32C031C4T3, STM32C031C4T6, STM32C031C4U3, STM32C031C4U6, STM32C031C6T3, STM32C031C6T6, STM32C031C6U3, STM32C031C6U6, STM32C031F4P3, STM32C031F4P6, STM32C031F6P3, STM32C031F6P6, STM32C031G4U3, STM32C031G4U6, STM32C031G6U3, STM32C031G6U6, STM32C031K4T3, STM32C031K4T6, STM32C031K4U3, STM32C031K4U6, STM32C031K6T3, STM32C031K6T6, STM32C031K6U3, STM32C031K6U6, STM32G071K8TXN, STM32G071K8UXN, STM32G081GBU6N, STM32G081KBT6N, STM32G081KBUXN, STM32G0B1CCT6N, STM32G0B1KCT6, STM32G0B1NEY6TR, STM32G0B1RCT6N, STM32G0C1CCT6, STM32G0C1CCT6N, STM32G0C1CCU6N, STM32G0C1CET6N, STM32G0C1CEU6N, STM32G0C1KCT6, STM32G0C1NEY6TR, STM32G0C1RCI6N, STM32G0C1RCT6N, STM32G0C1REI6N, STM32G0C1RET6N, STM32G0C1VCI6, STM32G0C1VEI6, STM32G471CCT6, STM32G471CCU6, STM32G471CET3, STM32G471CET6, STM32G471CEU3, STM32G471CEU6, STM32G471MCT6, STM32G471MET3, STM32G471MET6, STM32G471MEY6TR, STM32G471QCT6, STM32G471QET3, STM32G471RCT6, STM32G471RET3, STM32G471RET6, STM32G471VCH6, STM32G471VCI6, STM32G471VCT6, STM32G471VEH3, STM32G471VEH6, STM32G471VEI3, STM32G471VEI6, STM32G471VET3, STM32G471VET6, STM32G474CCT6, STM32H503CBT6, STM32H503CBU6, STM32H503EBY6TR, STM32H503KBU6, STM32H503RBT6, STM32H562AGI6, STM32H562AII6, STM32H562IGK6, STM32H562IGT6, STM32H562IIK6, STM32H562IIT6, STM32H562RGT6, STM32H562RGV6, STM32H562RIT6, STM32H562RIV6, STM32H562VGT6, STM32H562VIT6, STM32H562ZGT6, STM32H562ZIT6, STM32H563AGI6, STM32H563AII3Q, STM32H563AII6, STM32H563IGK6, STM32H563IGT6, STM32H563IIK3Q, STM32H563IIK6, STM32H563IIT3Q, STM32H563IIT6, STM32H563MIY3QTR, STM32H563RGT6, STM32H563RGV6, STM32H563RIT6, STM32H563RIV6, STM32H563VGT6, STM32H563VIT3Q, STM32H563VIT6, STM32H563ZGT6, STM32H563ZIT3Q, STM32H563ZIT6, STM32H573AII3Q, STM32H573AII6, STM32H573I-DK, STM32H573IIK3Q, STM32H573IIK6, STM32H573IIT3Q, STM32H573IIT6, STM32H573MIY3QTR, STM32H573RIT6, STM32H573RIV6, STM32H573VIT3Q, STM32H573VIT6, STM32H573ZIT3Q, STM32H573ZIT6, STM32L4R5QGI6STR, STM32MP131AAE3, STM32MP131AAF3, STM32MP131AAG3, STM32MP131CAE3, STM32MP131CAF3, STM32MP131CAG3, STM32MP131DAE7, STM32MP131DAF7, STM32MP131DAG7, STM32MP131FAE7, STM32MP131FAF7, STM32MP131FAG7, STM32MP133AAE3, STM32MP133AAF3, STM32MP133AAG3, STM32MP133CAE3, STM32MP133CAF3, STM32MP133CAG3, STM32MP133DAE7, STM32MP133DAF7, STM32MP133DAG7, STM32MP133FAE7, STM32MP133FAF7, STM32MP133FAG7, STM32MP135AAE3, STM32MP135AAF3, STM32MP135AAG3, STM32MP135CAE3, STM32MP135CAF3, STM32MP135CAG3, STM32MP135DAE7, STM32MP135DAF7, STM32MP135DAG7, STM32MP135F-DK, STM32MP135FAE7, STM32MP135FAF7, STM32MP135FAF7T, STM32MP135FAF7U, STM32MP135FAG7, STM32U535CBT6, STM32U535CBT6Q, STM32U535CBU6, STM32U535CBU6Q, STM32U535CCT6, STM32U535CCT6Q, STM32U535CCU6, STM32U535CCU6Q, STM32U535CET6, STM32U535CET6Q, STM32U535CEU6, STM32U535CEU6Q, STM32U535JEY6QTR, STM32U535NCY6QTR, STM32U535NEY6QTR, STM32U535RBI6, STM32U535RBI6Q, STM32U535RBT6, STM32U535RBT6Q, STM32U535RCI6, STM32U535RCI6Q, STM32U535RCT6, STM32U535RCT6Q, STM32U535REI6, STM32U535REI6Q, STM32U535RET6, STM32U535RET6Q, STM32U535VCI6, STM32U535VCI6Q, STM32U535VCT6, STM32U535VCT6Q, STM32U535VEI6, STM32U535VEI6Q, STM32U535VET6, STM32U535VET6Q, STM32U545CET6, STM32U545CET6Q, STM32U545CEU6, STM32U545CEU6Q, STM32U545JEY6QTR, STM32U545NEY6QTR, STM32U545REI6, STM32U545REI6Q, STM32U545RET6, STM32U545RET6Q, STM32U545VEI6, STM32U545VEI6Q, STM32U545VET6, STM32U545VET6Q, STM32U595AIH6, STM32U595AIH6Q, STM32U595AJH6, STM32U595AJH6Q, STM32U595QII6, STM32U595QII6Q, STM32U595QJI6, STM32U595QJI6Q, STM32U595RIT6, STM32U595RIT6Q, STM32U595RJT6, STM32U595RJT6Q, STM32U595VIT6, STM32U595VIT6Q, STM32U595VJT6, STM32U595VJT6Q, STM32U595ZIT6, STM32U595ZIT6Q, STM32U595ZIY6QTR, STM32U595ZJT6, STM32U595ZJT6Q, STM32U595ZJY6QTR, STM32U599BJY6QTR, STM32U599NIH6Q, STM32U599NJH6Q, STM32U599VIT6Q, STM32U599VJT6, STM32U599VJT6Q, STM32U599ZIT6Q, STM32U599ZIY6QTR, STM32U599ZJT6Q, STM32U599ZJY6QTR, STM32U5A5AJH6, STM32U5A5AJH6Q, STM32U5A5QJI6, STM32U5A5QJI6Q, STM32U5A5RJT6, STM32U5A5RJT6Q, STM32U5A5VJT6, STM32U5A5VJT6Q, STM32U5A5ZJT6, STM32U5A5ZJT6Q, STM32U5A5ZJY6QTR, STM32U5A9BJY6QTR, STM32U5A9J-DK, STM32U5A9NJH6Q, STM32U5A9VJT6Q, STM32U5A9ZJT6Q, STM32U5A9ZJY6QTR, STM32U5F7VIT6, STM32U5F7VIT6Q, STM32U5F7VJT6, STM32U5F7VJT6Q, STM32U5F9BJY6QTR, STM32U5F9NJH6Q, STM32U5F9VIT6Q, STM32U5F9VJT6Q, STM32U5F9ZIJ6QTR, STM32U5F9ZIT6Q, STM32U5F9ZJJ6QTR, STM32U5F9ZJT6Q, STM32U5G7VJT6, STM32U5G7VJT6Q, STM32U5G9BJY6QTR, STM32U5G9J-DK1, STM32U5G9J-DK2, STM32U5G9NJH6Q, STM32U5G9VJT6Q, STM32U5G9ZJJ6QTR, STM32U5G9ZJT6Q, STM32WB1MMCH6, STM32WBA52CEU6, STM32WBA52CEU6T, STM32WBA52CGU6, STM32WBA52CGU6T, STM32WBA52KEU6, STM32WBA52KEU6T, STM32WBA52KGU6, STM32WBA52KGU6T, STM32WL5MOCH6, STM32WL5MOCH6TR]
2023-11-08 10:42:57,586 [INFO] DbMcus:217 - Found 3848 MCUs, 3848 are supported
2023-11-08 10:42:57,587 [INFO] ApiDb:423 - Load user favorites file C:\Users\serfa/.stm32cubeide/favorites.mcus.txt: 0 item(s)
2023-11-08 10:42:57,587 [INFO] ApiDb:427 - User favorites MCUs=[]
2023-11-08 10:42:57,587 [INFO] DbMcus:223 - Set 0 / 0 favorites MCUs
2023-11-08 10:42:58,065 [WARN] ThirdParty:833 - waiting for thirdparty lock release [change project]
2023-11-08 10:42:58,066 [INFO] ThirdParty:835 - entering critical section [change project]
2023-11-08 10:42:58,066 [INFO] ThirdParty:1030 - CMSIS Pack Vendor :STMicroelectronics X-CUBE-ISPU 1.1.0
2023-11-08 10:42:58,066 [INFO] ThirdParty:1030 - CMSIS Pack Vendor :STMicroelectronics USBPD 4.1
2023-11-08 10:42:58,066 [INFO] ThirdParty:1030 - CMSIS Pack Vendor :STMicroelectronics X-CUBE-GNSS1 6.0.0
2023-11-08 10:42:58,066 [INFO] ThirdParty:1030 - CMSIS Pack Vendor :STMicroelectronics USB_HOST 2.0.0
2023-11-08 10:42:58,066 [INFO] ThirdParty:1030 - CMSIS Pack Vendor :STMicroelectronics X-CUBE-AZRTOS-F4 1.1.0
2023-11-08 10:42:58,066 [INFO] ThirdParty:1030 - CMSIS Pack Vendor :STMicroelectronics LIBJPEG 8.0.0
2023-11-08 10:42:58,066 [INFO] ThirdParty:1030 - CMSIS Pack Vendor :wolfSSL I-CUBE-wolfSSL 5.6.3
2023-11-08 10:42:58,066 [INFO] ThirdParty:1030 - CMSIS Pack Vendor :STMicroelectronics X-CUBE-SMBUS 2.1.0
2023-11-08 10:42:58,066 [INFO] ThirdParty:1030 - CMSIS Pack Vendor :STMicroelectronics USB_DEVICE 3.0.0
2023-11-08 10:42:58,066 [INFO] ThirdParty:1030 - CMSIS Pack Vendor :STMicroelectronics X-CUBE-AZRTOS-WB 2.0.0
2023-11-08 10:42:58,066 [INFO] ThirdParty:1030 - CMSIS Pack Vendor :STMicroelectronics X-CUBE-AZRTOS-F7 1.1.0
2023-11-08 10:42:58,066 [INFO] ThirdParty:1030 - CMSIS Pack Vendor :STMicroelectronics X-CUBE-AZRTOS-L5 2.0.0
2023-11-08 10:42:58,066 [INFO] ThirdParty:1030 - CMSIS Pack Vendor :STMicroelectronics USB_DEVICE 2.0.0
2023-11-08 10:42:58,066 [INFO] ThirdParty:1030 - CMSIS Pack Vendor :STMicroelectronics X-CUBE-MEMS1 9.6.0
2023-11-08 10:42:58,067 [INFO] ThirdParty:1030 - CMSIS Pack Vendor :STMicroelectronics X-CUBE-EEPRMA1 4.2.0
2023-11-08 10:42:58,067 [INFO] ThirdParty:1030 - CMSIS Pack Vendor :ITTIA_DB I-CUBE-ITTIADB 8.8.0
2023-11-08 10:42:58,067 [INFO] ThirdParty:1030 - CMSIS Pack Vendor :STMicroelectronics FP-SNS-MOTENV1 4.3.2
2023-11-08 10:42:58,067 [INFO] ThirdParty:1030 - CMSIS Pack Vendor :STMicroelectronics X-CUBE-ALGOBUILD 1.3.0
2023-11-08 10:42:58,067 [INFO] ThirdParty:1030 - CMSIS Pack Vendor :STMicroelectronics FreeRTOS 0.0.1
2023-11-08 10:42:58,067 [INFO] ThirdParty:1030 - CMSIS Pack Vendor :STMicroelectronics X-CUBE-AZRTOS-G0 1.1.0
2023-11-08 10:42:58,067 [INFO] ThirdParty:1030 - CMSIS Pack Vendor :STMicroelectronics X-CUBE-BLEMGR 2.0.0
2023-11-08 10:42:58,067 [INFO] ThirdParty:1030 - CMSIS Pack Vendor :STMicroelectronics X-CUBE-NFC4 3.0.0
2023-11-08 10:42:58,067 [INFO] ThirdParty:1030 - CMSIS Pack Vendor :STMicroelectronics X-CUBE-SUBG2 5.0.0
2023-11-08 10:42:58,067 [INFO] ThirdParty:1030 - CMSIS Pack Vendor :STMicroelectronics STM32_WPAN 1.0.0
2023-11-08 10:42:58,067 [INFO] ThirdParty:1030 - CMSIS Pack Vendor :STMicroelectronics lwIP 2.0.3
2023-11-08 10:42:58,067 [INFO] ThirdParty:1030 - CMSIS Pack Vendor :STMicroelectronics FP-SNS-FLIGHT1 5.0.2
2023-11-08 10:42:58,067 [INFO] ThirdParty:1030 - CMSIS Pack Vendor :STMicroelectronics USB_HOST 1.0.0
2023-11-08 10:42:58,067 [INFO] ThirdParty:1030 - CMSIS Pack Vendor :STMicroelectronics X-CUBE-TOF1 3.3.1
2023-11-08 10:42:58,067 [INFO] ThirdParty:1030 - CMSIS Pack Vendor :STMicroelectronics X-CUBE-AZRTOS-G4 2.0.0
2023-11-08 10:42:58,067 [INFO] ThirdParty:1030 - CMSIS Pack Vendor :STMicroelectronics PDM2PCM 3.1.0
2023-11-08 10:42:58,067 [INFO] ThirdParty:1030 - CMSIS Pack Vendor :STMicroelectronics X-CUBE-AZRTOS-H7 3.1.0
2023-11-08 10:42:58,067 [INFO] ThirdParty:1030 - CMSIS Pack Vendor :Infineon AIROC-Wi-Fi-Bluetooth-STM32 1.5.1
2023-11-08 10:42:58,067 [INFO] ThirdParty:1030 - CMSIS Pack Vendor :STMicroelectronics X-CUBE-BLEMGR 3.0.0
2023-11-08 10:42:58,067 [INFO] ThirdParty:1030 - CMSIS Pack Vendor :STMicroelectronics PDM2PCM 3.3.0
2023-11-08 10:42:58,067 [INFO] ThirdParty:1030 - CMSIS Pack Vendor :STMicroelectronics X-CUBE-DISPLAY 3.0.0
2023-11-08 10:42:58,068 [INFO] ThirdParty:1030 - CMSIS Pack Vendor :STMicroelectronics X-CUBE-BLE1 7.0.0
2023-11-08 10:42:58,068 [INFO] ThirdParty:1030 - CMSIS Pack Vendor :STMicroelectronics FP-ATR-SIGFOX1 3.2.0
2023-11-08 10:42:58,068 [INFO] ThirdParty:1030 - CMSIS Pack Vendor :STMicroelectronics HAL Drivers 0.0.0
2023-11-08 10:42:58,068 [INFO] ThirdParty:1030 - CMSIS Pack Vendor :STMicroelectronics MBEDTLS 2.16.2
2023-11-08 10:42:58,068 [INFO] ThirdParty:1030 - CMSIS Pack Vendor :emotas I-CUBE-CANOPEN 1.3.0
2023-11-08 10:42:58,068 [INFO] ThirdParty:1030 - CMSIS Pack Vendor :STMicroelectronics X-CUBE-MEMS1 10.0.0
2023-11-08 10:42:58,068 [INFO] ThirdParty:1030 - CMSIS Pack Vendor :STMicroelectronics X-CUBE-FREERTOS 1.1.0
2023-11-08 10:42:58,068 [INFO] ThirdParty:1030 - CMSIS Pack Vendor :STMicroelectronics X-CUBE-TOUCHGFX 4.22.0
2023-11-08 10:42:58,068 [INFO] ThirdParty:1030 - CMSIS Pack Vendor :STMicroelectronics X-CUBE-NFC7 1.0.1
2023-11-08 10:42:58,068 [INFO] ThirdParty:1030 - CMSIS Pack Vendor :STMicroelectronics MBEDTLS 2.14.1
2023-11-08 10:42:58,068 [INFO] ThirdParty:1030 - CMSIS Pack Vendor :STMicroelectronics X-CUBE-TOUCHGFX 4.22.1
2023-11-08 10:42:58,068 [INFO] ThirdParty:1030 - CMSIS Pack Vendor :STMicroelectronics X-CUBE-NFC6 3.0.0
2023-11-08 10:42:58,068 [INFO] ThirdParty:1030 - CMSIS Pack Vendor :STMicroelectronics X-CUBE-EEPRMA1 4.1.0
2023-11-08 10:42:58,068 [INFO] ThirdParty:1030 - CMSIS Pack Vendor :portGmbH I-Cube-SoM-uGOAL 1.1.0
2023-11-08 10:42:58,068 [INFO] ThirdParty:1030 - CMSIS Pack Vendor :STMicroelectronics X-CUBE-ALS 1.0.1
2023-11-08 10:42:58,068 [INFO] ThirdParty:1030 - CMSIS Pack Vendor :STMicroelectronics ThreadX 1.0.0
2023-11-08 10:42:58,068 [INFO] ThirdParty:1030 - CMSIS Pack Vendor :STMicroelectronics FP-SNS-SMARTAG2 1.2.0
2023-11-08 10:42:58,068 [INFO] ThirdParty:1030 - CMSIS Pack Vendor :STMicroelectronics X-CUBE-AZRTOS-WL 2.0.0
2023-11-08 10:42:58,069 [INFO] ThirdParty:1030 - CMSIS Pack Vendor :SEGGER I-CUBE-embOS 1.3.1
2023-11-08 10:42:58,069 [INFO] ThirdParty:1030 - CMSIS Pack Vendor :STMicroelectronics USB_DEVICE 1.0.0
2023-11-08 10:42:58,069 [INFO] ThirdParty:1030 - CMSIS Pack Vendor :STMicroelectronics X-CUBE-AI 8.1.0
2023-11-08 10:42:58,069 [INFO] ThirdParty:1030 - CMSIS Pack Vendor :STMicroelectronics X-CUBE-AZRTOS-L4 2.0.0
2023-11-08 10:42:58,069 [INFO] ThirdParty:1030 - CMSIS Pack Vendor :STMicroelectronics ThreadX 0.0.2
2023-11-08 10:42:58,069 [INFO] ThirdParty:1030 - CMSIS Pack Vendor :WES I-CUBE-Cesium 1.3.0
2023-11-08 10:42:58,069 [INFO] ThirdParty:1030 - CMSIS Pack Vendor :STMicroelectronics FP-ATR-ASTRA1 2.0.0
2023-11-08 10:42:58,069 [INFO] ThirdParty:1030 - CMSIS Pack Vendor :STMicroelectronics lwIP 2.1.2
2023-11-08 10:42:58,069 [INFO] ThirdParty:1030 - CMSIS Pack Vendor :STMicroelectronics X-CUBE-SFXS2LP1 4.0.0
2023-11-08 10:42:58,069 [INFO] ThirdParty:1030 - CMSIS Pack Vendor :STMicroelectronics X-CUBE-BLE2 3.3.0
2023-11-08 10:42:58,069 [INFO] ThirdParty:1030 - CMSIS Pack Vendor :STMicroelectronics PDM2PCM 3.2.0
2023-11-08 10:42:58,069 [INFO] ThirdParty:841 - exiting critical section [change project]
2023-11-08 10:42:59,366 [INFO] PinOutPanel:1499 - setPackage(No Configuration,No Configuration)
2023-11-08 10:42:59,369 [INFO] PinOutPanel:1499 - setPackage(STM32H745ZITx,LQFP144)
2023-11-08 10:43:01,170 [INFO] UtilMem:75 - Before build in PCC Used Memory: 703773752 Bytes (1073741824)
2023-11-08 10:43:03,298 [INFO] UtilMem:75 - After build in PCC Used Memory: 843760696 Bytes (1073741824)
2023-11-08 10:43:03,618 [INFO] ApiDbMcu:507 - Load IP Config File for FREERTOS
2023-11-08 10:43:03,691 [INFO] IPUIPlugin:80 - create IPUIPlugin
2023-11-08 10:43:03,692 [INFO] IPUIPlugin:80 - create IPUIPlugin
2023-11-08 10:43:03,692 [INFO] IPUIPlugin:80 - create IPUIPlugin
2023-11-08 10:43:03,692 [INFO] IPUIPlugin:80 - create IPUIPlugin
2023-11-08 10:43:03,692 [INFO] IPUIPlugin:80 - create IPUIPlugin
2023-11-08 10:43:03,692 [INFO] IPUIPlugin:80 - create IPUIPlugin
2023-11-08 10:43:03,693 [INFO] IPUIPlugin:80 - create IPUIPlugin
2023-11-08 10:43:03,693 [INFO] IPUIPlugin:80 - create IPUIPlugin
2023-11-08 10:43:03,693 [INFO] IPUIPlugin:80 - create IPUIPlugin
2023-11-08 10:43:03,693 [INFO] IPUIPlugin:80 - create IPUIPlugin
2023-11-08 10:43:03,694 [INFO] IPUIPlugin:80 - create IPUIPlugin
2023-11-08 10:43:03,694 [INFO] IPUIPlugin:80 - create IPUIPlugin
2023-11-08 10:43:03,694 [INFO] IPUIPlugin:80 - create IPUIPlugin
2023-11-08 10:43:03,694 [INFO] IPUIPlugin:80 - create IPUIPlugin
2023-11-08 10:43:03,694 [INFO] IPUIPlugin:80 - create IPUIPlugin
2023-11-08 10:43:03,695 [INFO] IPUIPlugin:80 - create IPUIPlugin
2023-11-08 10:43:03,695 [INFO] IPUIPlugin:80 - create IPUIPlugin
2023-11-08 10:43:03,695 [INFO] IPUIPlugin:80 - create IPUIPlugin
2023-11-08 10:43:03,695 [INFO] IPUIPlugin:80 - create IPUIPlugin
2023-11-08 10:43:03,695 [INFO] IPUIPlugin:80 - create IPUIPlugin
2023-11-08 10:43:03,696 [INFO] IPUIPlugin:80 - create IPUIPlugin
2023-11-08 10:43:03,696 [INFO] IPUIPlugin:80 - create IPUIPlugin
2023-11-08 10:43:03,696 [INFO] IPUIPlugin:80 - create IPUIPlugin
2023-11-08 10:43:03,696 [INFO] IPUIPlugin:80 - create IPUIPlugin
2023-11-08 10:43:03,697 [INFO] IPUIPlugin:80 - create IPUIPlugin
2023-11-08 10:43:03,697 [INFO] IPUIPlugin:80 - create IPUIPlugin
2023-11-08 10:43:03,698 [INFO] IPUIPlugin:80 - create IPUIPlugin
2023-11-08 10:43:03,698 [INFO] IPUIPlugin:80 - create IPUIPlugin
2023-11-08 10:43:03,698 [INFO] IPUIPlugin:80 - create IPUIPlugin
2023-11-08 10:43:03,699 [INFO] IPUIPlugin:80 - create IPUIPlugin
2023-11-08 10:43:03,699 [INFO] IPUIPlugin:80 - create IPUIPlugin
2023-11-08 10:43:03,699 [INFO] IPUIPlugin:80 - create IPUIPlugin
2023-11-08 10:43:03,699 [INFO] IPUIPlugin:80 - create IPUIPlugin
2023-11-08 10:43:03,700 [INFO] IPUIPlugin:80 - create IPUIPlugin
2023-11-08 10:43:03,700 [INFO] IPUIPlugin:80 - create IPUIPlugin
2023-11-08 10:43:03,701 [INFO] IPUIPlugin:80 - create IPUIPlugin
2023-11-08 10:43:03,701 [INFO] IPUIPlugin:80 - create IPUIPlugin
2023-11-08 10:43:03,702 [INFO] IPUIPlugin:80 - create IPUIPlugin
2023-11-08 10:43:03,704 [INFO] IPUIPlugin:80 - create IPUIPlugin
2023-11-08 10:43:03,704 [INFO] IPUIPlugin:80 - create IPUIPlugin
2023-11-08 10:43:03,705 [INFO] IPUIPlugin:80 - create IPUIPlugin
2023-11-08 10:43:03,705 [INFO] IPUIPlugin:80 - create IPUIPlugin
2023-11-08 10:43:03,706 [INFO] IPUIPlugin:80 - create IPUIPlugin
2023-11-08 10:43:03,706 [INFO] IPUIPlugin:80 - create IPUIPlugin
2023-11-08 10:43:03,707 [INFO] IPUIPlugin:80 - create IPUIPlugin
2023-11-08 10:43:03,707 [INFO] IPUIPlugin:80 - create IPUIPlugin
2023-11-08 10:43:03,707 [INFO] IPUIPlugin:80 - create IPUIPlugin
2023-11-08 10:43:03,708 [INFO] IPUIPlugin:80 - create IPUIPlugin
2023-11-08 10:43:03,708 [INFO] IPUIPlugin:80 - create IPUIPlugin
2023-11-08 10:43:03,708 [INFO] IPUIPlugin:80 - create IPUIPlugin
2023-11-08 10:43:03,709 [INFO] IPUIPlugin:80 - create IPUIPlugin
2023-11-08 10:43:03,709 [INFO] IPUIPlugin:80 - create IPUIPlugin
2023-11-08 10:43:03,710 [INFO] IPUIPlugin:80 - create IPUIPlugin
2023-11-08 10:43:03,710 [INFO] IPUIPlugin:80 - create IPUIPlugin
2023-11-08 10:43:03,710 [INFO] IPUIPlugin:80 - create IPUIPlugin
2023-11-08 10:43:03,711 [INFO] IPUIPlugin:80 - create IPUIPlugin
2023-11-08 10:43:03,711 [INFO] IPUIPlugin:80 - create IPUIPlugin
2023-11-08 10:43:03,712 [INFO] IPUIPlugin:80 - create IPUIPlugin
2023-11-08 10:43:03,712 [INFO] IPUIPlugin:80 - create IPUIPlugin
2023-11-08 10:43:03,713 [INFO] IPUIPlugin:80 - create IPUIPlugin
2023-11-08 10:43:03,713 [INFO] IPUIPlugin:80 - create IPUIPlugin
2023-11-08 10:43:03,714 [INFO] IPUIPlugin:80 - create IPUIPlugin
2023-11-08 10:43:03,715 [INFO] IPUIPlugin:80 - create IPUIPlugin
2023-11-08 10:43:03,716 [INFO] IPUIPlugin:80 - create IPUIPlugin
2023-11-08 10:43:03,716 [INFO] IPUIPlugin:80 - create IPUIPlugin
2023-11-08 10:43:03,717 [INFO] IPUIPlugin:80 - create IPUIPlugin
2023-11-08 10:43:03,718 [INFO] IPUIPlugin:80 - create IPUIPlugin
2023-11-08 10:43:03,719 [INFO] IPUIPlugin:80 - create IPUIPlugin
2023-11-08 10:43:03,719 [INFO] IPUIPlugin:80 - create IPUIPlugin
2023-11-08 10:43:03,720 [INFO] IPUIPlugin:80 - create IPUIPlugin
2023-11-08 10:43:03,720 [INFO] IPUIPlugin:80 - create IPUIPlugin
2023-11-08 10:43:03,721 [INFO] IPUIPlugin:80 - create IPUIPlugin
2023-11-08 10:43:03,721 [INFO] IPUIPlugin:80 - create IPUIPlugin
2023-11-08 10:43:03,722 [INFO] IPUIPlugin:80 - create IPUIPlugin
2023-11-08 10:43:03,722 [INFO] IPUIPlugin:80 - create IPUIPlugin
2023-11-08 10:43:03,723 [INFO] IPUIPlugin:80 - create IPUIPlugin
2023-11-08 10:43:03,723 [INFO] IPUIPlugin:80 - create IPUIPlugin
2023-11-08 10:43:03,724 [INFO] IPUIPlugin:80 - create IPUIPlugin
2023-11-08 10:43:03,724 [INFO] IPUIPlugin:80 - create IPUIPlugin
2023-11-08 10:43:03,725 [INFO] IPUIPlugin:80 - create IPUIPlugin
2023-11-08 10:43:03,726 [INFO] IPUIPlugin:80 - create IPUIPlugin
2023-11-08 10:43:03,726 [INFO] IPUIPlugin:80 - create IPUIPlugin
2023-11-08 10:43:03,727 [INFO] IPUIPlugin:80 - create IPUIPlugin
2023-11-08 10:43:03,727 [INFO] IPUIPlugin:80 - create IPUIPlugin
2023-11-08 10:43:03,727 [INFO] IPUIPlugin:80 - create IPUIPlugin
2023-11-08 10:43:03,728 [INFO] IPUIPlugin:80 - create IPUIPlugin
2023-11-08 10:43:03,728 [INFO] IPUIPlugin:80 - create IPUIPlugin
2023-11-08 10:43:03,729 [INFO] IPUIPlugin:80 - create IPUIPlugin
2023-11-08 10:43:03,729 [INFO] IPUIPlugin:80 - create IPUIPlugin
2023-11-08 10:43:03,730 [INFO] IPUIPlugin:80 - create IPUIPlugin
2023-11-08 10:43:03,730 [INFO] IPUIPlugin:80 - create IPUIPlugin
2023-11-08 10:43:03,731 [INFO] IPUIPlugin:80 - create IPUIPlugin
2023-11-08 10:43:03,731 [INFO] IPUIPlugin:80 - create IPUIPlugin
2023-11-08 10:43:03,732 [INFO] IPUIPlugin:80 - create IPUIPlugin
2023-11-08 10:43:03,732 [INFO] IPUIPlugin:80 - create IPUIPlugin
2023-11-08 10:43:03,733 [INFO] IPUIPlugin:80 - create IPUIPlugin
2023-11-08 10:43:03,733 [INFO] IPUIPlugin:80 - create IPUIPlugin
2023-11-08 10:43:03,734 [INFO] IPUIPlugin:80 - create IPUIPlugin
2023-11-08 10:43:03,735 [INFO] IPUIPlugin:80 - create IPUIPlugin
2023-11-08 10:43:03,735 [INFO] IPUIPlugin:80 - create IPUIPlugin
2023-11-08 10:43:03,736 [INFO] IPUIPlugin:80 - create IPUIPlugin
2023-11-08 10:43:03,737 [INFO] IPUIPlugin:80 - create IPUIPlugin
2023-11-08 10:43:03,737 [INFO] IPUIPlugin:80 - create IPUIPlugin
2023-11-08 10:43:03,738 [INFO] IPUIPlugin:80 - create IPUIPlugin
2023-11-08 10:43:03,739 [INFO] IPUIPlugin:80 - create IPUIPlugin
2023-11-08 10:43:03,740 [INFO] IPUIPlugin:80 - create IPUIPlugin
2023-11-08 10:43:03,740 [INFO] IPUIPlugin:80 - create IPUIPlugin
2023-11-08 10:43:03,741 [INFO] IPUIPlugin:80 - create IPUIPlugin
2023-11-08 10:43:03,742 [INFO] IPUIPlugin:80 - create IPUIPlugin
2023-11-08 10:43:03,742 [INFO] IPUIPlugin:80 - create IPUIPlugin
2023-11-08 10:43:03,779 [INFO] ApiDbMcu:507 - Load IP Config File for PDM2PCM
2023-11-08 10:43:03,798 [INFO] ApiDbMcu:507 - Load IP Config File for PDM2PCM
2023-11-08 10:43:03,878 [WARN] FreeRTOS:1023 - Null or empty value: should not occur! (nothing added to the table)
2023-11-08 10:43:04,479 [INFO] CADModel:165 - CPN selected for project levelSTM32H745ZIT3
2023-11-08 10:43:04,479 [INFO] CADModel:114 - Register for checkConnection events
2023-11-08 10:43:04,484 [INFO] RtosManager:697 - Active RTOS found at IOC load: FREERTOS_M7 [CortexM7]
2023-11-08 10:43:04,538 [INFO] OpenFileManager:328 - Restore cursor
2023-11-08 10:43:15,900 [ERROR] RtosPanel:558 - Can not restore the selected Tab for FREERTOS(A reason can be that the tab is no more available.)
2023-11-08 10:43:35,435 [INFO] TasksAndQueuesTab:757 - Dynamic
2023-11-08 10:43:35,436 [WARN] TasksAndQueuesTab:763 - 128 128
2023-11-08 10:43:35,437 [WARN] TasksAndQueuesTab:775 - max value is: 3840.0
2023-11-08 10:43:35,439 [INFO] TasksAndQueuesTab:757 - Dynamic
2023-11-08 10:43:35,439 [WARN] TasksAndQueuesTab:763 - 256 128
2023-11-08 10:43:35,439 [WARN] TasksAndQueuesTab:775 - max value is: 3840.0
2023-11-08 10:43:35,439 [INFO] TasksAndQueuesTab:757 - Dynamic
2023-11-08 10:43:35,439 [WARN] TasksAndQueuesTab:763 - 128 128
2023-11-08 10:43:35,440 [WARN] TasksAndQueuesTab:775 - max value is: 3840.0
